#
# A fatal error has been detected by the Java Runtime Environment:
#
#  SIGSEGV (0xb) at pc=0x00007f33a57ee6e5, pid=3087784, tid=3087836
#
# JRE version: OpenJDK Runtime Environment (16.0.1+9) (build 16.0.1+9-Ubuntu-120.04)
# Java VM: OpenJDK 64-Bit Server VM (16.0.1+9-Ubuntu-120.04, mixed mode, tiered, compressed oops, compressed class ptrs, g1 gc, linux-amd64)
# Problematic frame:
# C  [libc.so.6+0x1886e5]
#
# Core dump will be written. Default location: Core dumps may be processed with "/usr/share/apport/apport -p%p -s%s -c%c -d%d -P%P -u%u -g%g -- %E" (or dumping to /usr0/home/aoli/repos/exchain/applications/fineract-1211/core.3087784)
#
# If you would like to submit a bug report, please visit:
#   Unknown
# The crash happened outside the Java Virtual Machine in native code.
# See problematic frame for where to report the bug.
#

---------------  S U M M A R Y ------------

Command Line: -javaagent:/usr0/home/aoli/repos/exchain/applications/../dependencies/phosphor/phosphor-jigsaw-javaagent/target/phosphor-jigsaw-javaagent-0.1.0-SNAPSHOT.jar=taintTagFactory=al.aoli.exchain.phosphor.instrumenter.FieldOnlyTaintTagFactory,postClassVisitor=al.aoli.exchain.phosphor.instrumenter.UninstrumentedOriginPostCV -javaagent:/usr0/home/aoli/repos/exchain/applications/../runtime/build/libs/runtime-shadow.jar=hybrid:/usr0/home/aoli/repos/exchain/applications/fineract-1211/hybrid_classes -agentpath:/usr0/home/aoli/repos/exchain/applications/../native/build/lib/main/debug/libnative.so=exchain:Lorg/apache/fineract /usr0/home/aoli/repos/exchain/applications/fineract-1211/hybrid/fineract-provider.jar

Host: Intel(R) Xeon(R) W-1290P CPU @ 3.70GHz, 20 cores, 125G, Ubuntu 20.04.5 LTS
Time: Thu Jan  5 17:12:48 2023 EST elapsed time: 15.887858 seconds (0d 0h 0m 15s)

---------------  T H R E A D  ---------------

Current thread (0x00007f32a4000ba0):  JavaThread "Thread-7" [_thread_in_native, id=3087836, stack(0x00007f32b3801000,0x00007f32b4000000)]

Stack: [0x00007f32b3801000,0x00007f32b4000000],  sp=0x00007f32b3ffe6b8,  free space=8181k
Native frames: (J=compiled Java code, A=aot compiled Java code, j=interpreted, Vv=VM code, C=native code)
C  [libc.so.6+0x1886e5]


siginfo: si_signo: 11 (SIGSEGV), si_code: 1 (SEGV_MAPERR), si_addr: 0x0000000000000017

Register to memory mapping:

RAX=0x0 is NULL
RBX=0x00007f32b3ffeaa0 is pointing into the stack for thread: 0x00007f32a4000ba0
RCX=0x0000000000000017 is an unknown value
RDX=0x0000000000000017 is an unknown value
RSP=0x00007f32b3ffe6b8 is pointing into the stack for thread: 0x00007f32a4000ba0
RBP=0x0000000000000017 is an unknown value
RSI=0x00007f339c8bfd40 points into unknown readable memory: 0x3638782f62696c2f | 2f 6c 69 62 2f 78 38 36
RDI=0x0000000000000017 is an unknown value
R8 =0x0000000000000005 is an unknown value
R9 =0x00007f32b3ffe000 is pointing into the stack for thread: 0x00007f32a4000ba0
R10=0x0000000000000001 is an unknown value
R11=0x0 is NULL
R12=0x00007f32b3ffe7f0 is pointing into the stack for thread: 0x00007f32a4000ba0
R13=0x00007f32b3ffe800 is pointing into the stack for thread: 0x00007f32a4000ba0
R14=0x00007f339c4e5c90 points into unknown readable memory: 0x0000000000000000 | 00 00 00 00 00 00 00 00
R15=0x00007f32b3ffe830 is pointing into the stack for thread: 0x00007f32a4000ba0


Registers:
RAX=0x0000000000000000, RBX=0x00007f32b3ffeaa0, RCX=0x0000000000000017, RDX=0x0000000000000017
RSP=0x00007f32b3ffe6b8, RBP=0x0000000000000017, RSI=0x00007f339c8bfd40, RDI=0x0000000000000017
R8 =0x0000000000000005, R9 =0x00007f32b3ffe000, R10=0x0000000000000001, R11=0x0000000000000000
R12=0x00007f32b3ffe7f0, R13=0x00007f32b3ffe800, R14=0x00007f339c4e5c90, R15=0x00007f32b3ffe830
RIP=0x00007f33a57ee6e5, EFLAGS=0x0000000000010283, CSGSFS=0x002b000000000033, ERR=0x0000000000000004
  TRAPNO=0x000000000000000e

Top of Stack: (sp=0x00007f32b3ffe6b8)
0x00007f32b3ffe6b8:   00007f33a3e2d9fd 00007f339cd44a70
0x00007f32b3ffe6c8:   0000000000000017 00007f339c8bfd40
0x00007f32b3ffe6d8:   000000000000001b 000000000000001b
0x00007f32b3ffe6e8:   a5aac0c9fe966600 00007f339c89de50 

Instructions: (pc=0x00007f33a57ee6e5)
0x00007f33a57ee5e5:   83 c7 20 c5 dd 74 d9 c5 fd d7 ca c5 fd d7 c3 09
0x00007f33a57ee5f5:   c1 75 38 c5 fd 6f 0f c5 fd 74 d1 48 83 c7 20 c5
0x00007f33a57ee605:   dd 74 d9 c5 fd d7 ca c5 fd d7 c3 09 c1 75 1c c5
0x00007f33a57ee615:   fd 6f 0f c5 fd 74 d1 48 83 c7 20 c5 dd 74 d9 c5
0x00007f33a57ee625:   fd d7 ca c5 fd d7 c3 09 c1 74 90 85 c0 75 1c 85
0x00007f33a57ee635:   d2 0f 84 84 00 00 00 89 d0 48 89 f7 0f bd c0 48
0x00007f33a57ee645:   8d 44 07 e0 c5 f8 77 c3 0f 1f 00 c5 fd d7 ca 85
0x00007f33a57ee655:   c9 75 18 89 c2 48 89 fe e9 5e ff ff ff 66 66 2e
0x00007f33a57ee665:   0f 1f 84 00 00 00 00 00 0f 1f 00 41 89 c8 41 83
0x00007f33a57ee675:   e8 01 41 31 c8 44 21 c0 85 c0 74 b3 0f bd c0 48
0x00007f33a57ee685:   8d 44 07 e0 c5 f8 77 c3 0f 1f 00 48 01 cf 89 d1
0x00007f33a57ee695:   41 89 c8 41 83 e8 01 41 31 c8 44 21 c0 85 c0 74
0x00007f33a57ee6a5:   1a 0f bd c0 48 8d 44 07 e0 c5 f8 77 c3 66 66 2e
0x00007f33a57ee6b5:   0f 1f 84 00 00 00 00 00 0f 1f 00 31 c0 c5 f8 77
0x00007f33a57ee6c5:   c3 66 2e 0f 1f 84 00 00 00 00 00 f3 0f 1e fa 89
0x00007f33a57ee6d5:   f9 48 89 fa c5 f9 ef c0 83 e1 3f 83 f9 20 77 2b
0x00007f33a57ee6e5:   c5 fd 74 0f c5 fd d7 c1 85 c0 0f 85 eb 00 00 00
0x00007f33a57ee6f5:   48 83 c7 20 83 e1 1f 48 83 e7 e0 eb 42 66 66 2e
0x00007f33a57ee705:   0f 1f 84 00 00 00 00 00 0f 1f 00 83 e1 1f 48 83
0x00007f33a57ee715:   e7 e0 c5 fd 74 0f c5 fd d7 c1 d3 f8 85 c0 74 1b
0x00007f33a57ee725:   f3 0f bc c0 48 01 f8 48 01 c8 48 29 d0 c5 f8 77
0x00007f33a57ee735:   c3 66 2e 0f 1f 84 00 00 00 00 00 48 83 c7 20 c5
0x00007f33a57ee745:   fd 74 0f c5 fd d7 c1 85 c0 0f 85 8c 00 00 00 c5
0x00007f33a57ee755:   fd 74 4f 20 c5 fd d7 c1 85 c0 0f 85 8b 00 00 00
0x00007f33a57ee765:   c5 fd 74 4f 40 c5 fd d7 c1 85 c0 0f 85 9a 00 00
0x00007f33a57ee775:   00 c5 fd 74 4f 60 c5 fd d7 c1 85 c0 0f 85 d5 00
0x00007f33a57ee785:   00 00 48 81 c7 80 00 00 00 48 89 f9 83 e1 7f 48
0x00007f33a57ee795:   83 e7 80 0f 1f 84 00 00 00 00 00 c5 fd 6f 0f c5
0x00007f33a57ee7a5:   fd 6f 57 20 c5 fd 6f 5f 40 c5 fd 6f 67 60 c5 ed
0x00007f33a57ee7b5:   da e9 c5 dd da f3 c5 cd da ed c5 fd 74 ed c5 fd
0x00007f33a57ee7c5:   d7 c5 85 c0 75 65 48 81 c7 80 00 00 00 eb cc 66
0x00007f33a57ee7d5:   66 2e 0f 1f 84 00 00 00 00 00 90 f3 0f bc c0 48 


Stack slot to memory mapping:
stack at sp + 0 slots: 0x00007f33a3e2d9fd: _ZN7exchain13ProcessorBase17GetClassSignatureB5cxx11EP10_jmethodID+0x00000000000000ad in /usr0/home/aoli/repos/exchain/applications/../native/build/lib/main/debug/libnative.so at 0x00007f33a3e1b000
stack at sp + 1 slots: 0x00007f339cd44a70 points into unknown readable memory: 0x00007f32a40a3120 | 20 31 0a a4 32 7f 00 00
stack at sp + 2 slots: 0x0000000000000017 is an unknown value
stack at sp + 3 slots: 0x00007f339c8bfd40 points into unknown readable memory: 0x3638782f62696c2f | 2f 6c 69 62 2f 78 38 36
stack at sp + 4 slots: 0x000000000000001b is an unknown value
stack at sp + 5 slots: 0x000000000000001b is an unknown value
stack at sp + 6 slots: 0xa5aac0c9fe966600 is an unknown value
stack at sp + 7 slots: 0x00007f339c89de50 points into unknown readable memory: 0x00007f32b0a78138 | 38 81 a7 b0 32 7f 00 00


---------------  P R O C E S S  ---------------

Threads class SMR info:
_java_thread_list=0x00007f32e40d1ce0, length=24, elements={
0x00007f339c015250, 0x00007f339c26cbb0, 0x00007f339c26e380, 0x00007f339c28eb40,
0x00007f339c290090, 0x00007f339c2915d0, 0x00007f339c293090, 0x00007f339c2946f0,
0x00007f339c295c90, 0x00007f339c345810, 0x00007f330807df30, 0x00007f32f4001280,
0x00007f339c550640, 0x00007f32c8000ba0, 0x00007f32bc000ba0, 0x00007f32c0000ba0,
0x00007f32b4000ba0, 0x00007f32b8000ba0, 0x00007f32ac000ba0, 0x00007f32a4000ba0,
0x00007f32a8000ba0, 0x00007f329c000ba0, 0x00007f32a0000ba0, 0x00007f3318001290
}
_to_delete_list=0x00007f32dc066b00, length=25, elements={
0x00007f339c015250, 0x00007f339c26cbb0, 0x00007f339c26e380, 0x00007f339c28eb40,
0x00007f339c290090, 0x00007f339c2915d0, 0x00007f339c293090, 0x00007f339c2946f0,
0x00007f339c295c90, 0x00007f339c345810, 0x00007f330807df30, 0x00007f32f4001280,
0x00007f339c550640, 0x00007f32c8000ba0, 0x00007f32bc000ba0, 0x00007f32c0000ba0,
0x00007f32b4000ba0, 0x00007f32b8000ba0, 0x00007f32ac000ba0, 0x00007f32a4000ba0,
0x00007f32a8000ba0, 0x00007f329c000ba0, 0x00007f32a0000ba0, 0x00007f3318001290,
0x00007f32dc1bb1e0
}

Java Threads: ( => current thread )
  0x00007f339c015250 JavaThread "main" [_thread_in_native, id=3087785, stack(0x00007f33a3e65000,0x00007f33a3f66000)]
  0x00007f339c26cbb0 JavaThread "Reference Handler" daemon [_thread_blocked, id=3087792, stack(0x00007f333a804000,0x00007f333a905000)]
  0x00007f339c26e380 JavaThread "Finalizer" daemon [_thread_blocked, id=3087793, stack(0x00007f3339eff000,0x00007f333a000000)]
  0x00007f339c28eb40 JavaThread "Signal Dispatcher" daemon [_thread_blocked, id=3087794, stack(0x00007f333988e000,0x00007f333998f000)]
  0x00007f339c290090 JavaThread "Service Thread" daemon [_thread_blocked, id=3087795, stack(0x00007f333978d000,0x00007f333988e000)]
  0x00007f339c2915d0 JavaThread "Monitor Deflation Thread" daemon [_thread_blocked, id=3087796, stack(0x00007f333968c000,0x00007f333978d000)]
  0x00007f339c293090 JavaThread "C2 CompilerThread0" daemon [_thread_blocked, id=3087797, stack(0x00007f333958b000,0x00007f333968c000)]
  0x00007f339c2946f0 JavaThread "C1 CompilerThread0" daemon [_thread_blocked, id=3087798, stack(0x00007f333948a000,0x00007f333958b000)]
  0x00007f339c295c90 JavaThread "Sweeper thread" daemon [_thread_blocked, id=3087799, stack(0x00007f3339389000,0x00007f333948a000)]
  0x00007f339c345810 JavaThread "Common-Cleaner" daemon [_thread_blocked, id=3087800, stack(0x00007f3339288000,0x00007f3339389000)]
  0x00007f330807df30 JavaThread "C1 CompilerThread1" daemon [_thread_blocked, id=3087802, stack(0x00007f3339187000,0x00007f3339288000)]
  0x00007f32f4001280 JavaThread "C1 CompilerThread2" daemon [_thread_blocked, id=3087803, stack(0x00007f3339086000,0x00007f3339187000)]
  0x00007f339c550640 JavaThread "Notification Thread" daemon [_thread_blocked, id=3087828, stack(0x00007f333889d000,0x00007f333899e000)]
  0x00007f32c8000ba0 JavaThread "Thread-0" [_thread_in_native, id=3087830, stack(0x00007f32dac01000,0x00007f32db400000)]
  0x00007f32bc000ba0 JavaThread "Thread-1" [_thread_in_native, id=3087831, stack(0x00007f32da400000,0x00007f32dabff000)]
  0x00007f32c0000ba0 JavaThread "Thread-2" [_thread_in_native, id=3087832, stack(0x00007f32d9bff000,0x00007f32da3fe000)]
  0x00007f32b4000ba0 JavaThread "Thread-3" [_thread_in_native, id=3087833, stack(0x00007f32d93fe000,0x00007f32d9bfd000)]
  0x00007f32b8000ba0 JavaThread "Thread-4" [_thread_in_native, id=3087834, stack(0x00007f32d8bfd000,0x00007f32d93fc000)]
  0x00007f32ac000ba0 JavaThread "Thread-5" [_thread_in_native, id=3087835, stack(0x00007f32d83fc000,0x00007f32d8bfb000)]
=>0x00007f32a4000ba0 JavaThread "Thread-7" [_thread_in_native, id=3087836, stack(0x00007f32b3801000,0x00007f32b4000000)]
  0x00007f32a8000ba0 JavaThread "Thread-6" [_thread_in_native, id=3087837, stack(0x00007f32b3000000,0x00007f32b37ff000)]
  0x00007f329c000ba0 JavaThread "Thread-8" [_thread_in_native, id=3087838, stack(0x00007f32b27ff000,0x00007f32b2ffe000)]
  0x00007f32a0000ba0 JavaThread "Thread-9" [_thread_in_native, id=3087839, stack(0x00007f32b1ffe000,0x00007f32b27fd000)]
  0x00007f3318001290 JavaThread "SIGTERM handler" daemon [_thread_blocked, id=3088505, stack(0x00007f3338f85000,0x00007f3339086000)]

Other Threads:
  0x00007f339c24e050 VMThread "VM Thread" [stack: 0x00007f333a907000,0x00007f333aa07000] [id=3087791] _threads_hazard_ptr=0x00007f32e40d1ce0
  0x00007f339c059dc0 GCTaskThread "GC Thread#0" [stack: 0x00007f33a2a23000,0x00007f33a2b23000] [id=3087786]
  0x00007f331c0061b0 GCTaskThread "GC Thread#1" [stack: 0x00007f33384c4000,0x00007f33385c4000] [id=3087840]
  0x00007f331c007120 GCTaskThread "GC Thread#2" [stack: 0x00007f33383c2000,0x00007f33384c2000] [id=3087841]
  0x00007f331c008090 GCTaskThread "GC Thread#3" [stack: 0x00007f33382c0000,0x00007f33383c0000] [id=3087842]
  0x00007f331c009000 GCTaskThread "GC Thread#4" [stack: 0x00007f32dbf00000,0x00007f32dc000000] [id=3087843]
  0x00007f331c009b80 GCTaskThread "GC Thread#5" [stack: 0x00007f32dbdfe000,0x00007f32dbefe000] [id=3087844]
  0x00007f331c00a700 GCTaskThread "GC Thread#6" [stack: 0x00007f32dbcfc000,0x00007f32dbdfc000] [id=3087845]
  0x00007f331c00b670 GCTaskThread "GC Thread#7" [stack: 0x00007f32d82fa000,0x00007f32d83fa000] [id=3087846]
  0x00007f331c00c5e0 GCTaskThread "GC Thread#8" [stack: 0x00007f32d81f8000,0x00007f32d82f8000] [id=3087847]
  0x00007f331c00d550 GCTaskThread "GC Thread#9" [stack: 0x00007f32d80f6000,0x00007f32d81f6000] [id=3087848]
  0x00007f331c00e4c0 GCTaskThread "GC Thread#10" [stack: 0x00007f32b1efc000,0x00007f32b1ffc000] [id=3087849]
  0x00007f331c00f430 GCTaskThread "GC Thread#11" [stack: 0x00007f32b1dfa000,0x00007f32b1efa000] [id=3087850]
  0x00007f331c0103a0 GCTaskThread "GC Thread#12" [stack: 0x00007f32b1cf8000,0x00007f32b1df8000] [id=3087851]
  0x00007f331c011310 GCTaskThread "GC Thread#13" [stack: 0x00007f32b1bf6000,0x00007f32b1cf6000] [id=3087852]
  0x00007f331c012280 GCTaskThread "GC Thread#14" [stack: 0x00007f32b1af4000,0x00007f32b1bf4000] [id=3087853]
  0x00007f339c06a520 ConcurrentGCThread "G1 Main Marker" terminated
  0x00007f339c06b5c0 ConcurrentGCThread "G1 Conc#0" [stack: 0x00007f33a281f000,0x00007f33a291f000] [id=3087788]
  0x00007f332c000d10 ConcurrentGCThread "G1 Conc#1" [stack: 0x00007f32b19f2000,0x00007f32b1af2000] [id=3088239]
  0x00007f332c0015d0 ConcurrentGCThread "G1 Conc#2" [stack: 0x00007f32b18f0000,0x00007f32b19f0000] [id=3088240]
  0x00007f332c001ec0 ConcurrentGCThread "G1 Conc#3" [stack: 0x00007f32b0f00000,0x00007f32b1000000] [id=3088241]
  0x00007f339c1be600 ConcurrentGCThread "G1 Refine#0" terminated
  0x00007f339c1bf620 ConcurrentGCThread "G1 Service" terminated

Threads with active compile tasks:

VM state: at safepoint (normal execution)

VM Mutex/Monitor currently owned by a thread:  ([mutex/lock_event])
[0x00007f339c011db0] Threads_lock - owner thread: 0x00007f339c24e050
[0x00007f339c012540] Heap_lock - owner thread: 0x00007f3318001290

Heap address: 0x0000000082000000, size: 30688 MB, Compressed Oops mode: Zero based, Oop shift amount: 3

CDS disabled.
Compressed class space mapped at: 0x0000000800000000-0x0000000840000000, reserved size: 1073741824
Narrow klass base: 0x0000000800000000, Narrow klass shift: 0, Narrow klass range: 0x40000000

GC Precious Log:
 CPUs: 20 total, 20 available
 Memory: 125G
 Large Page Support: Disabled
 NUMA Support: Disabled
 Compressed Oops: Enabled (Zero based)
 Heap Region Size: 16M
 Heap Min Capacity: 16M
 Heap Initial Capacity: 2016M
 Heap Max Capacity: 30688M
 Pre-touch: Disabled
 Parallel Workers: 15
 Concurrent Workers: 4
 Concurrent Refinement Workers: 15
 Periodic GC: Disabled

Heap:
 garbage-first heap   total 163840K, used 82777K [0x0000000082000000, 0x0000000800000000)
  region size 16384K, 4 young (65536K), 1 survivors (16384K)
 Metaspace       used 43994K, committed 44288K, reserved 1089536K
  class space    used 4239K, committed 4352K, reserved 1048576K

Heap Regions: E=young(eden), S=young(survivor), O=old, HS=humongous(starts), HC=humongous(continues), CS=collection set, F=free, OA=open archive, CA=closed archive, TAMS=top-at-mark-start (previous, next)
|   0|0x0000000082000000, 0x0000000082c5be00, 0x0000000083000000| 77%| O|  |TAMS 0x0000000082c5be00, 0x0000000082000000| Untracked 
|   1|0x0000000083000000, 0x0000000084000000, 0x0000000084000000|100%| O|  |TAMS 0x0000000084000000, 0x0000000083000000| Untracked 
|   2|0x0000000084000000, 0x0000000084d85a00, 0x0000000085000000| 84%| O|  |TAMS 0x00000000845adc00, 0x0000000084000000| Untracked 
|   3|0x0000000085000000, 0x0000000085000000, 0x0000000086000000|  0%| F|  |TAMS 0x0000000085000000, 0x0000000085000000| Untracked 
|   4|0x0000000086000000, 0x00000000866f4de8, 0x0000000087000000| 43%| S|CS|TAMS 0x0000000086000000, 0x0000000086000000| Complete 
|   5|0x0000000087000000, 0x0000000087000000, 0x0000000088000000|  0%| F|  |TAMS 0x0000000087000000, 0x0000000087000000| Untracked 
|   6|0x0000000088000000, 0x0000000088000000, 0x0000000089000000|  0%| F|  |TAMS 0x0000000088000000, 0x0000000088000000| Untracked 
|   7|0x0000000089000000, 0x00000000890a45d8, 0x000000008a000000|  4%| E|  |TAMS 0x0000000089000000, 0x0000000089000000| Complete 
| 120|0x00000000fa000000, 0x00000000fb000000, 0x00000000fb000000|100%| E|CS|TAMS 0x00000000fa000000, 0x00000000fa000000| Complete 
| 125|0x00000000ff000000, 0x0000000100000000, 0x0000000100000000|100%| E|CS|TAMS 0x00000000ff000000, 0x00000000ff000000| Complete 

Card table byte_map: [0x00007f337af1f000,0x00007f337eb0f000] _byte_map_base: 0x00007f337ab0f000

Marking Bits (Prev, Next): (CMBitMap*) 0x00007f339c05a9b0, (CMBitMap*) 0x00007f339c05a970
 Prev Bits: [0x00007f333b42f000, 0x00007f33593af000)
 Next Bits: [0x00007f33593af000, 0x00007f337732f000)

Polling page: 0x00007f33a586c000

Metaspace:

Usage:
  Non-class:     38.82 MB used.
      Class:      4.14 MB used.
       Both:     42.96 MB used.

Virtual space:
  Non-class space:       40.00 MB reserved,      39.00 MB ( 98%) committed,  5 nodes.
      Class space:        1.00 GB reserved,       4.25 MB ( <1%) committed,  1 nodes.
              Both:        1.04 GB reserved,      43.25 MB (  4%) committed. 

Chunk freelists:
   Non-Class:  880.00 KB
       Class:  3.77 MB
        Both:  4.62 MB

MaxMetaspaceSize: 17179869184.00 GB
CompressedClassSpaceSize: 1.00 GB
 - commit_granule_bytes: 65536.
 - commit_granule_words: 8192.
 - virtual_space_node_default_size: 1048576.
 - enlarge_chunks_in_place: 1.
 - new_chunks_are_fully_committed: 0.
 - uncommit_free_chunks: 1.
 - use_allocation_guard: 0.
 - handle_deallocations: 1.


Internal statistics:

num_allocs_failed_limit: 9.
num_arena_births: 262.
num_arena_deaths: 0.
num_vsnodes_births: 6.
num_vsnodes_deaths: 0.
num_space_committed: 692.
num_space_uncommitted: 0.
num_chunks_returned_to_freelist: 9.
num_chunks_taken_from_freelist: 1261.
num_chunk_merges: 3.
num_chunk_splits: 881.
num_chunks_enlarged: 699.
num_purges: 0.

CodeHeap 'non-profiled nmethods': size=119168Kb used=4239Kb max_used=4518Kb free=114928Kb
 bounds [0x00007f338a29f000, 0x00007f338a72f000, 0x00007f33916ff000]
CodeHeap 'profiled nmethods': size=119164Kb used=8932Kb max_used=9872Kb free=110231Kb
 bounds [0x00007f3382e40000, 0x00007f33837f0000, 0x00007f338a29f000]
CodeHeap 'non-nmethods': size=7428Kb used=2329Kb max_used=2936Kb free=5098Kb
 bounds [0x00007f33826ff000, 0x00007f33829ef000, 0x00007f3382e40000]
 total_blobs=4827 nmethods=4329 adapters=409
 compilation: enabled
              stopped_count=0, restarted_count=0
 full_count=0

Compilation events (20 events):
Event: 15.596 Thread 0x00007f330807df30 nmethod 5332 0x00007f33835c7c10 code [0x00007f33835c7ea0, 0x00007f33835c8770]
Event: 15.613 Thread 0x00007f339c2946f0 5333       3       sun.reflect.generics.parser.SignatureParser::parseZeroOrMoreFormalTypeParameters (19 bytes)
Event: 15.613 Thread 0x00007f339c2946f0 nmethod 5333 0x00007f33832ca110 code [0x00007f33832ca2e0, 0x00007f33832ca550]
Event: 15.645 Thread 0x00007f339c2946f0 5334       3       sun.reflect.generics.parser.SignatureParser::parseSuperInterfaces (51 bytes)
Event: 15.645 Thread 0x00007f330807df30 5335       3       sun.reflect.generics.tree.ClassSignature::make (11 bytes)
Event: 15.645 Thread 0x00007f32f4001280 5336       3       sun.reflect.generics.tree.ClassSignature::<init> (20 bytes)
Event: 15.646 Thread 0x00007f32f4001280 nmethod 5336 0x00007f3383384490 code [0x00007f3383384640, 0x00007f33833848d0]
Event: 15.646 Thread 0x00007f330807df30 nmethod 5335 0x00007f338369a090 code [0x00007f338369a240, 0x00007f338369a590]
Event: 15.646 Thread 0x00007f339c2946f0 nmethod 5334 0x00007f338369b590 code [0x00007f338369b7c0, 0x00007f338369c1c0]
Event: 15.680 Thread 0x00007f330807df30 5337       3       org.springframework.util.ConcurrentReferenceHashMap$WeakEntryReference::get (8 bytes)
Event: 15.680 Thread 0x00007f330807df30 nmethod 5337 0x00007f33833cc010 code [0x00007f33833cc1c0, 0x00007f33833cc3f0]
Event: 15.681 Thread 0x00007f339c293090 nmethod 5328 0x00007f338a71aa10 code [0x00007f338a71af40, 0x00007f338a728238]
Event: 15.681 Thread 0x00007f339c293090 5330       4       org.springframework.core.ResolvableType::resolveClass (73 bytes)
Event: 15.720 Thread 0x00007f339c293090 nmethod 5330 0x00007f338a6c1d90 code [0x00007f338a6c2020, 0x00007f338a6c2980]
Event: 15.720 Thread 0x00007f339c293090 5338       4       java.util.LinkedHashMap$LinkedValueIterator::next (8 bytes)
Event: 15.721 Thread 0x00007f339c293090 nmethod 5338 0x00007f338a6c1810 code [0x00007f338a6c19a0, 0x00007f338a6c1c58]
Event: 15.840 Thread 0x00007f330807df30 5339       3       org.springframework.core.ResolvableType::forType (7 bytes)
Event: 15.840 Thread 0x00007f330807df30 nmethod 5339 0x00007f33832e5f10 code [0x00007f33832e60c0, 0x00007f33832e61e0]
Event: 15.868 Thread 0x00007f330807df30 5340       1       java.util.logging.LogManager$LoggerContext::getOwner (5 bytes)
Event: 15.868 Thread 0x00007f330807df30 nmethod 5340 0x00007f338a4f8310 code [0x00007f338a4f84a0, 0x00007f338a4f8570]

GC Heap History (20 events):
Event: 11.059 GC heap before
{Heap before GC invocations=14 (full 0):
 garbage-first heap   total 163840K, used 112669K [0x0000000082000000, 0x0000000800000000)
  region size 16384K, 6 young (98304K), 1 survivors (16384K)
 Metaspace       used 38961K, committed 39296K, reserved 1089536K
  class space    used 3867K, committed 4032K, reserved 1048576K
}
Event: 11.063 GC heap after
{Heap after GC invocations=15 (full 0):
 garbage-first heap   total 163840K, used 35029K [0x0000000082000000, 0x0000000800000000)
  region size 16384K, 1 young (16384K), 1 survivors (16384K)
 Metaspace       used 38961K, committed 39296K, reserved 1089536K
  class space    used 3867K, committed 4032K, reserved 1048576K
}
Event: 11.210 GC heap before
{Heap before GC invocations=15 (full 0):
 garbage-first heap   total 163840K, used 116949K [0x0000000082000000, 0x0000000800000000)
  region size 16384K, 6 young (98304K), 1 survivors (16384K)
 Metaspace       used 38995K, committed 39296K, reserved 1089536K
  class space    used 3871K, committed 4032K, reserved 1048576K
}
Event: 11.214 GC heap after
{Heap after GC invocations=16 (full 0):
 garbage-first heap   total 163840K, used 39386K [0x0000000082000000, 0x0000000800000000)
  region size 16384K, 1 young (16384K), 1 survivors (16384K)
 Metaspace       used 38995K, committed 39296K, reserved 1089536K
  class space    used 3871K, committed 4032K, reserved 1048576K
}
Event: 11.355 GC heap before
{Heap before GC invocations=16 (full 0):
 garbage-first heap   total 163840K, used 121306K [0x0000000082000000, 0x0000000800000000)
  region size 16384K, 6 young (98304K), 1 survivors (16384K)
 Metaspace       used 39028K, committed 39360K, reserved 1089536K
  class space    used 3878K, committed 4032K, reserved 1048576K
}
Event: 11.358 GC heap after
{Heap after GC invocations=17 (full 0):
 garbage-first heap   total 163840K, used 43438K [0x0000000082000000, 0x0000000800000000)
  region size 16384K, 1 young (16384K), 1 survivors (16384K)
 Metaspace       used 39028K, committed 39360K, reserved 1089536K
  class space    used 3878K, committed 4032K, reserved 1048576K
}
Event: 11.736 GC heap before
{Heap before GC invocations=17 (full 0):
 garbage-first heap   total 163840K, used 108974K [0x0000000082000000, 0x0000000800000000)
  region size 16384K, 5 young (81920K), 1 survivors (16384K)
 Metaspace       used 39625K, committed 39872K, reserved 1089536K
  class space    used 3953K, committed 4096K, reserved 1048576K
}
Event: 11.739 GC heap after
{Heap after GC invocations=18 (full 0):
 garbage-first heap   total 163840K, used 46763K [0x0000000082000000, 0x0000000800000000)
  region size 16384K, 1 young (16384K), 1 survivors (16384K)
 Metaspace       used 39625K, committed 39872K, reserved 1089536K
  class space    used 3953K, committed 4096K, reserved 1048576K
}
Event: 11.991 GC heap before
{Heap before GC invocations=18 (full 0):
 garbage-first heap   total 163840K, used 79531K [0x0000000082000000, 0x0000000800000000)
  region size 16384K, 4 young (65536K), 1 survivors (16384K)
 Metaspace       used 39865K, committed 40128K, reserved 1089536K
  class space    used 3982K, committed 4096K, reserved 1048576K
}
Event: 11.994 GC heap after
{Heap after GC invocations=19 (full 0):
 garbage-first heap   total 163840K, used 47335K [0x0000000082000000, 0x0000000800000000)
  region size 16384K, 1 young (16384K), 1 survivors (16384K)
 Metaspace       used 39865K, committed 40128K, reserved 1089536K
  class space    used 3982K, committed 4096K, reserved 1048576K
}
Event: 12.809 GC heap before
{Heap before GC invocations=20 (full 0):
 garbage-first heap   total 163840K, used 112871K [0x0000000082000000, 0x0000000800000000)
  region size 16384K, 5 young (81920K), 1 survivors (16384K)
 Metaspace       used 40877K, committed 41088K, reserved 1089536K
  class space    used 4046K, committed 4160K, reserved 1048576K
}
Event: 12.811 GC heap after
{Heap after GC invocations=21 (full 0):
 garbage-first heap   total 163840K, used 48067K [0x0000000082000000, 0x0000000800000000)
  region size 16384K, 1 young (16384K), 1 survivors (16384K)
 Metaspace       used 40877K, committed 41088K, reserved 1089536K
  class space    used 4046K, committed 4160K, reserved 1048576K
}
Event: 13.474 GC heap before
{Heap before GC invocations=21 (full 0):
 garbage-first heap   total 163840K, used 113603K [0x0000000082000000, 0x0000000800000000)
  region size 16384K, 5 young (81920K), 1 survivors (16384K)
 Metaspace       used 41678K, committed 41920K, reserved 1089536K
  class space    used 4090K, committed 4224K, reserved 1048576K
}
Event: 13.476 GC heap after
{Heap after GC invocations=22 (full 0):
 garbage-first heap   total 163840K, used 48676K [0x0000000082000000, 0x0000000800000000)
  region size 16384K, 1 young (16384K), 1 survivors (16384K)
 Metaspace       used 41678K, committed 41920K, reserved 1089536K
  class space    used 4090K, committed 4224K, reserved 1048576K
}
Event: 14.161 GC heap before
{Heap before GC invocations=22 (full 0):
 garbage-first heap   total 163840K, used 114212K [0x0000000082000000, 0x0000000800000000)
  region size 16384K, 5 young (81920K), 1 survivors (16384K)
 Metaspace       used 42503K, committed 42816K, reserved 1089536K
  class space    used 4133K, committed 4288K, reserved 1048576K
}
Event: 14.163 GC heap after
{Heap after GC invocations=23 (full 0):
 garbage-first heap   total 163840K, used 49222K [0x0000000082000000, 0x0000000800000000)
  region size 16384K, 1 young (16384K), 1 survivors (16384K)
 Metaspace       used 42503K, committed 42816K, reserved 1089536K
  class space    used 4133K, committed 4288K, reserved 1048576K
}
Event: 14.799 GC heap before
{Heap before GC invocations=23 (full 0):
 garbage-first heap   total 163840K, used 114758K [0x0000000082000000, 0x0000000800000000)
  region size 16384K, 5 young (81920K), 1 survivors (16384K)
 Metaspace       used 43182K, committed 43456K, reserved 1089536K
  class space    used 4176K, committed 4288K, reserved 1048576K
}
Event: 14.801 GC heap after
{Heap after GC invocations=24 (full 0):
 garbage-first heap   total 163840K, used 49385K [0x0000000082000000, 0x0000000800000000)
  region size 16384K, 1 young (16384K), 1 survivors (16384K)
 Metaspace       used 43182K, committed 43456K, reserved 1089536K
  class space    used 4176K, committed 4288K, reserved 1048576K
}
Event: 15.484 GC heap before
{Heap before GC invocations=24 (full 0):
 garbage-first heap   total 163840K, used 114921K [0x0000000082000000, 0x0000000800000000)
  region size 16384K, 5 young (81920K), 1 survivors (16384K)
 Metaspace       used 43728K, committed 44032K, reserved 1089536K
  class space    used 4218K, committed 4352K, reserved 1048576K
}
Event: 15.486 GC heap after
{Heap after GC invocations=25 (full 0):
 garbage-first heap   total 163840K, used 50009K [0x0000000082000000, 0x0000000800000000)
  region size 16384K, 1 young (16384K), 1 survivors (16384K)
 Metaspace       used 43728K, committed 44032K, reserved 1089536K
  class space    used 4218K, committed 4352K, reserved 1048576K
}

Deoptimization events (20 events):
Event: 15.868 Thread 0x00007f339c015250 Uncommon trap: trap_request=0xffffff97 fr.pc=0x00007f338a4a4d94 relative=0x0000000000002354
Event: 15.868 Thread 0x00007f339c015250 Uncommon trap: reason=unhandled action=none pc=0x00007f338a4a4d94 method=org.springframework.boot.loader.jar.JarURLConnection.getInputStream()Ljava/io/InputStream; @ 10 c2
Event: 15.868 Thread 0x00007f339c015250 DEOPT PACKING pc=0x00007f338a4a4d94 sp=0x00007f33a3f61c10
Event: 15.868 Thread 0x00007f339c015250 DEOPT UNPACKING pc=0x00007f338274c424 sp=0x00007f33a3f61c40 mode 2
Event: 15.868 Thread 0x00007f339c015250 Uncommon trap: trap_request=0xffffff97 fr.pc=0x00007f338a4a4d94 relative=0x0000000000002354
Event: 15.868 Thread 0x00007f339c015250 Uncommon trap: reason=unhandled action=none pc=0x00007f338a4a4d94 method=org.springframework.boot.loader.jar.JarURLConnection.getInputStream()Ljava/io/InputStream; @ 10 c2
Event: 15.868 Thread 0x00007f339c015250 DEOPT PACKING pc=0x00007f338a4a4d94 sp=0x00007f33a3f61c10
Event: 15.868 Thread 0x00007f339c015250 DEOPT UNPACKING pc=0x00007f338274c424 sp=0x00007f33a3f61c40 mode 2
Event: 15.868 Thread 0x00007f339c015250 Uncommon trap: trap_request=0xffffff97 fr.pc=0x00007f338a4a4d94 relative=0x0000000000002354
Event: 15.868 Thread 0x00007f339c015250 Uncommon trap: reason=unhandled action=none pc=0x00007f338a4a4d94 method=org.springframework.boot.loader.jar.JarURLConnection.getInputStream()Ljava/io/InputStream; @ 10 c2
Event: 15.868 Thread 0x00007f339c015250 DEOPT PACKING pc=0x00007f338a4a4d94 sp=0x00007f33a3f61c10
Event: 15.868 Thread 0x00007f339c015250 DEOPT UNPACKING pc=0x00007f338274c424 sp=0x00007f33a3f61c40 mode 2
Event: 15.868 Thread 0x00007f339c015250 Uncommon trap: trap_request=0xffffff97 fr.pc=0x00007f338a4a4d94 relative=0x0000000000002354
Event: 15.868 Thread 0x00007f339c015250 Uncommon trap: reason=unhandled action=none pc=0x00007f338a4a4d94 method=org.springframework.boot.loader.jar.JarURLConnection.getInputStream()Ljava/io/InputStream; @ 10 c2
Event: 15.868 Thread 0x00007f339c015250 DEOPT PACKING pc=0x00007f338a4a4d94 sp=0x00007f33a3f61c10
Event: 15.868 Thread 0x00007f339c015250 DEOPT UNPACKING pc=0x00007f338274c424 sp=0x00007f33a3f61c40 mode 2
Event: 15.868 Thread 0x00007f339c015250 Uncommon trap: trap_request=0xffffff97 fr.pc=0x00007f338a4a4d94 relative=0x0000000000002354
Event: 15.868 Thread 0x00007f339c015250 Uncommon trap: reason=unhandled action=none pc=0x00007f338a4a4d94 method=org.springframework.boot.loader.jar.JarURLConnection.getInputStream()Ljava/io/InputStream; @ 10 c2
Event: 15.868 Thread 0x00007f339c015250 DEOPT PACKING pc=0x00007f338a4a4d94 sp=0x00007f33a3f61c10
Event: 15.868 Thread 0x00007f339c015250 DEOPT UNPACKING pc=0x00007f338274c424 sp=0x00007f33a3f61c40 mode 2

Classes unloaded (0 events):
No events

Classes redefined (0 events):
No events

Internal exceptions (20 events):
Event: 6.386 Thread 0x00007f339c015250 Exception <a 'java/lang/ClassNotFoundException'{0x00000000fa9001b8}: org/springframework/core/OrderedCustomizer> (0x00000000fa9001b8) 
thrown [src/hotspot/share/classfile/systemDictionary.cpp, line 256]
Event: 6.406 Thread 0x00007f339c015250 Exception <a 'java/lang/ClassNotFoundException'{0x00000000fa972c28}: org/springframework/context/ResourceLoaderAwareCustomizer> (0x00000000fa972c28) 
thrown [src/hotspot/share/classfile/systemDictionary.cpp, line 256]
Event: 6.426 Thread 0x00007f339c015250 Exception <a 'java/lang/ClassNotFoundException'{0x00000000fabc5b00}: org/springframework/beans/factory/AwareCustomizer> (0x00000000fabc5b00) 
thrown [src/hotspot/share/classfile/systemDictionary.cpp, line 256]
Event: 6.446 Thread 0x00007f339c015250 Exception <a 'java/lang/ClassNotFoundException'{0x00000000fac39f28}: org/springframework/beans/factory/BeanClassLoaderAwareCustomizer> (0x00000000fac39f28) 
thrown [src/hotspot/share/classfile/systemDictionary.cpp, line 256]
Event: 6.462 Thread 0x00007f339c015250 Exception <a 'java/lang/ClassNotFoundException'{0x00000000faca97f8}: org/springframework/beans/factory/AwareCustomizer> (0x00000000faca97f8) 
thrown [src/hotspot/share/classfile/systemDictionary.cpp, line 256]
Event: 6.479 Thread 0x00007f339c015250 Exception <a 'java/lang/ClassNotFoundException'{0x00000000fafa0058}: org/springframework/context/EnvironmentAwareCustomizer> (0x00000000fafa0058) 
thrown [src/hotspot/share/classfile/systemDictionary.cpp, line 256]
Event: 6.496 Thread 0x00007f339c015250 Exception <a 'java/lang/ClassNotFoundException'{0x0000000089153dd8}: org/springframework/beans/factory/AwareCustomizer> (0x0000000089153dd8) 
thrown [src/hotspot/share/classfile/systemDictionary.cpp, line 256]
Event: 6.651 Thread 0x00007f339ca190f0 Exception <a 'java/lang/NoSuchMethodError'{0x0000000088222aa0}: 'long java.lang.invoke.DirectMethodHandle$Holder.invokeSpecial(java.lang.Object, java.lang.Object)'> (0x0000000088222aa0) 
thrown [src/hotspot/share/interpreter/linkResolver.cpp, line 789]
Event: 6.652 Thread 0x00007f339ca190f0 Exception <a 'java/lang/NoSuchMethodError'{0x00000000882364e0}: 'long java.lang.invoke.DirectMethodHandle$Holder.invokeStatic(java.lang.Object, java.lang.Object)'> (0x00000000882364e0) 
thrown [src/hotspot/share/interpreter/linkResolver.cpp, line 789]
Event: 6.652 Thread 0x00007f339ca190f0 Exception <a 'java/lang/NoSuchMethodError'{0x000000008823b0e8}: 'long java.lang.invoke.DirectMethodHandle$Holder.invokeStaticInit(java.lang.Object, java.lang.Object)'> (0x000000008823b0e8) 
thrown [src/hotspot/share/interpreter/linkResolver.cpp, line 789]
Event: 6.652 Thread 0x00007f339ca190f0 Exception <a 'java/lang/NoSuchMethodError'{0x000000008824fb90}: 'long java.lang.invoke.DirectMethodHandle$Holder.invokeInterface(java.lang.Object, java.lang.Object)'> (0x000000008824fb90) 
thrown [src/hotspot/share/interpreter/linkResolver.cpp, line 789]
Event: 6.653 Thread 0x00007f339ca190f0 Exception <a 'java/lang/IncompatibleClassChangeError'{0x00000000882547a0}: Found class java.lang.Object, but interface was expected> (0x00000000882547a0) 
thrown [src/hotspot/share/interpreter/linkResolver.cpp, line 857]
Event: 6.718 Thread 0x00007f339c015250 Exception <a 'java/lang/NoSuchMethodError'{0x00000000889ec168}: 'int java.lang.invoke.DirectMethodHandle$Holder.invokeSpecialIFC(java.lang.Object, java.lang.Object, java.lang.Object, java.lang.Object)'> (0x00000000889ec168) 
thrown [src/hotspot/share/interpreter/linkResolver.cpp, line 789]
Event: 6.767 Thread 0x00007f339ca190f0 Exception <a 'java/lang/NoSuchMethodError'{0x0000000088f1a410}: 'java.lang.Object java.lang.invoke.DirectMethodHandle$Holder.invokeVirtual(java.lang.Object, java.lang.Object, java.lang.Object, java.lang.Object)'> (0x0000000088f1a410) 
thrown [src/hotspot/share/interpreter/linkResolver.cpp, line 789]
Event: 7.130 Thread 0x00007f339c015250 Exception <a 'java/lang/NoSuchMethodError'{0x00000000ff986290}: 'void java.lang.invoke.DirectMethodHandle$Holder.invokeInterface(java.lang.Object, java.lang.Object, java.lang.Object, java.lang.Object)'> (0x00000000ff986290) 
thrown [src/hotspot/share/interpreter/linkResolver.cpp, line 789]
Event: 7.343 Thread 0x00007f339ca4e280 Implicit null exception at 0x00007f338a5058e6 to 0x00007f338a50a338
Event: 8.175 Thread 0x00007f339c015250 Exception <a 'java/lang/IncompatibleClassChangeError'{0x00000000884c2608}: Found class java.lang.Object, but interface was expected> (0x00000000884c2608) 
thrown [src/hotspot/share/interpreter/linkResolver.cpp, line 857]
Event: 10.213 Thread 0x00007f339c015250 Exception <a 'java/lang/ClassNotFoundException'{0x0000000089f8da70}: com/sun/org/apache/xerces/internal/impl/xpath/regex/spi/messageProvider> (0x0000000089f8da70) 
thrown [src/hotspot/share/classfile/systemDictionary.cpp, line 256]
Event: 11.643 Thread 0x00007f339c015250 Exception <a 'java/lang/NoSuchMethodError'{0x0000000088a82d40}: 'int java.lang.invoke.DirectMethodHandle$Holder.invokeStatic(java.lang.Object, java.lang.Object, int)'> (0x0000000088a82d40) 
thrown [src/hotspot/share/interpreter/linkResolver.cpp, line 789]
Event: 11.991 Thread 0x00007f339c015250 Exception <a 'java/lang/NoSuchMethodError'{0x00000000898ced90}: 'java.lang.Object java.lang.invoke.DirectMethodHandle$Holder.invokeStatic(java.lang.Object, java.lang.Object, java.lang.Object, java.lang.Object, int)'> (0x00000000898ced90) 
thrown [src/hotspot/share/interpreter/linkResolver.cpp, line 789]

Events (20 events):
Event: 15.833 loading class org/eclipse/persistence/internal/jpa/deployment$JavaSECMPInitializerAgent done
Event: 15.840 loading class org/apache/fineract/organisation/provisioning/domain/ProvisioningCategoryRepository
Event: 15.840 loading class org/apache/fineract/organisation/provisioning/domain/ProvisioningCategoryRepository done
Event: 15.840 loading class org/apache/fineract/organisation/provisioning/domain/ProvisioningCategory
Event: 15.840 loading class org/apache/fineract/organisation/provisioning/domain/ProvisioningCategory done
Event: 15.841 loading class org/springframework/instrument/InstrumentationSavingAgent
Event: 15.841 loading class org/springframework/instrument/InstrumentationSavingAgent done
Event: 15.848 loading class org/springframework/instrument$InstrumentationSavingAgent
Event: 15.848 loading class org/springframework/instrument$InstrumentationSavingAgent done
Event: 15.855 loading class org/eclipse/persistence/internal/jpa/deployment/JavaSECMPInitializerAgent
Event: 15.855 loading class org/eclipse/persistence/internal/jpa/deployment/JavaSECMPInitializerAgent done
Event: 15.862 loading class org/eclipse/persistence/internal/jpa/deployment$JavaSECMPInitializerAgent
Event: 15.862 loading class org/eclipse/persistence/internal/jpa/deployment$JavaSECMPInitializerAgent done
Event: 15.868 loading class jdk/internal/misc/Signal$1
Event: 15.868 loading class jdk/internal/misc/Signal$1 done
Event: 15.868 Thread 0x00007f3318001290 Thread added: 0x00007f3318001290
Event: 15.868 Protecting memory [0x00007f3338f85000,0x00007f3338f89000] with protection modes 0
Event: 15.868 Thread 0x00007f32dc1bb1e0 Thread added: 0x00007f32dc1bb1e0
Event: 15.868 Protecting memory [0x00007f3338d55000,0x00007f3338d59000] with protection modes 0
Event: 15.868 Thread 0x00007f32dc1bb1e0 Thread exited: 0x00007f32dc1bb1e0


Dynamic libraries:
82000000-8a000000 rw-p 00000000 00:00 0 
8a000000-fa000000 ---p 00000000 00:00 0 
fa000000-fb000000 rw-p 00000000 00:00 0 
fb000000-ff000000 ---p 00000000 00:00 0 
ff000000-100000000 rw-p 00000000 00:00 0 
100000000-800000000 ---p 00000000 00:00 0 
800000000-800020000 rw-p 00000000 00:00 0 
800020000-800040000 rw-p 00000000 00:00 0 
800040000-8000c0000 rw-p 00000000 00:00 0 
8000c0000-8000e0000 rw-p 00000000 00:00 0 
8000e0000-800140000 rw-p 00000000 00:00 0 
800140000-8001c0000 rw-p 00000000 00:00 0 
8001c0000-800200000 rw-p 00000000 00:00 0 
800200000-8002e0000 rw-p 00000000 00:00 0 
8002e0000-800300000 rw-p 00000000 00:00 0 
800300000-8003c0000 rw-p 00000000 00:00 0 
8003c0000-800440000 rw-p 00000000 00:00 0 
800440000-840000000 ---p 00000000 00:00 0 
55970676b000-55970676c000 r--p 00000000 fd:04 17564308                   /usr0/home/aoli/repos/exchain/runtime/build/jre-inst-field-only/bin/java
55970676c000-55970676d000 r-xp 00001000 fd:04 17564308                   /usr0/home/aoli/repos/exchain/runtime/build/jre-inst-field-only/bin/java
55970676d000-55970676e000 r--p 00002000 fd:04 17564308                   /usr0/home/aoli/repos/exchain/runtime/build/jre-inst-field-only/bin/java
55970676e000-55970676f000 r--p 00002000 fd:04 17564308                   /usr0/home/aoli/repos/exchain/runtime/build/jre-inst-field-only/bin/java
55970676f000-559706770000 rw-p 00003000 fd:04 17564308                   /usr0/home/aoli/repos/exchain/runtime/build/jre-inst-field-only/bin/java
559707c04000-559707c25000 rw-p 00000000 00:00 0                          [heap]
7f3263800000-7f32639d0000 rw-p 00000000 00:00 0 
7f32639d0000-7f3263a00000 ---p 00000000 00:00 0 
7f3263a00000-7f3263f30000 rw-p 00000000 00:00 0 
7f3263f30000-7f3264000000 ---p 00000000 00:00 0 
7f3264000000-7f3264021000 rw-p 00000000 00:00 0 
7f3264021000-7f3268000000 ---p 00000000 00:00 0 
7f3268000000-7f3268021000 rw-p 00000000 00:00 0 
7f3268021000-7f326c000000 ---p 00000000 00:00 0 
7f326c000000-7f326c021000 rw-p 00000000 00:00 0 
7f326c021000-7f3270000000 ---p 00000000 00:00 0 
7f3270000000-7f3270021000 rw-p 00000000 00:00 0 
7f3270021000-7f3274000000 ---p 00000000 00:00 0 
7f3274000000-7f3274021000 rw-p 00000000 00:00 0 
7f3274021000-7f3278000000 ---p 00000000 00:00 0 
7f3278000000-7f3278021000 rw-p 00000000 00:00 0 
7f3278021000-7f327c000000 ---p 00000000 00:00 0 
7f327c000000-7f327c021000 rw-p 00000000 00:00 0 
7f327c021000-7f3280000000 ---p 00000000 00:00 0 
7f3280000000-7f3280021000 rw-p 00000000 00:00 0 
7f3280021000-7f3284000000 ---p 00000000 00:00 0 
7f3284000000-7f3284021000 rw-p 00000000 00:00 0 
7f3284021000-7f3288000000 ---p 00000000 00:00 0 
7f3288000000-7f3288021000 rw-p 00000000 00:00 0 
7f3288021000-7f328c000000 ---p 00000000 00:00 0 
7f328c000000-7f328c021000 rw-p 00000000 00:00 0 
7f328c021000-7f3290000000 ---p 00000000 00:00 0 
7f3290000000-7f3290021000 rw-p 00000000 00:00 0 
7f3290021000-7f3294000000 ---p 00000000 00:00 0 
7f3294000000-7f3294021000 rw-p 00000000 00:00 0 
7f3294021000-7f3298000000 ---p 00000000 00:00 0 
7f3298000000-7f3298021000 rw-p 00000000 00:00 0 
7f3298021000-7f329c000000 ---p 00000000 00:00 0 
7f329c000000-7f329c3f1000 rw-p 00000000 00:00 0 
7f329c3f1000-7f32a0000000 ---p 00000000 00:00 0 
7f32a0000000-7f32a0429000 rw-p 00000000 00:00 0 
7f32a0429000-7f32a4000000 ---p 00000000 00:00 0 
7f32a4000000-7f32a44b1000 rw-p 00000000 00:00 0 
7f32a44b1000-7f32a8000000 ---p 00000000 00:00 0 
7f32a8000000-7f32a84a2000 rw-p 00000000 00:00 0 
7f32a84a2000-7f32ac000000 ---p 00000000 00:00 0 
7f32ac000000-7f32ac405000 rw-p 00000000 00:00 0 
7f32ac405000-7f32b0000000 ---p 00000000 00:00 0 
7f32b0400000-7f32b0500000 rw-p 00000000 00:00 0 
7f32b0500000-7f32b0600000 rw-p 00000000 00:00 0 
7f32b0600000-7f32b0aa0000 rw-p 00000000 00:00 0 
7f32b0aa0000-7f32b0ac0000 rw-p 00000000 00:00 0 
7f32b0ac0000-7f32b0b00000 rw-p 00000000 00:00 0 
7f32b0b00000-7f32b0c00000 rw-p 00000000 00:00 0 
7f32b0efe000-7f32b0eff000 ---p 00000000 00:00 0 
7f32b0eff000-7f32b1100000 rw-p 00000000 00:00 0 
7f32b1100000-7f32b1200000 rw-p 00000000 00:00 0 
7f32b1200000-7f32b1300000 rw-p 00000000 00:00 0 
7f32b1300000-7f32b1400000 rw-p 00000000 00:00 0 
7f32b1400000-7f32b1800000 rw-p 00000000 00:00 0 
7f32b18ee000-7f32b18ef000 ---p 00000000 00:00 0 
7f32b18ef000-7f32b19f0000 rw-p 00000000 00:00 0 
7f32b19f0000-7f32b19f1000 ---p 00000000 00:00 0 
7f32b19f1000-7f32b1af2000 rw-p 00000000 00:00 0 
7f32b1af2000-7f32b1af3000 ---p 00000000 00:00 0 
7f32b1af3000-7f32b1bf4000 rw-p 00000000 00:00 0 
7f32b1bf4000-7f32b1bf5000 ---p 00000000 00:00 0 
7f32b1bf5000-7f32b1cf6000 rw-p 00000000 00:00 0 
7f32b1cf6000-7f32b1cf7000 ---p 00000000 00:00 0 
7f32b1cf7000-7f32b1df8000 rw-p 00000000 00:00 0 
7f32b1df8000-7f32b1df9000 ---p 00000000 00:00 0 
7f32b1df9000-7f32b1efa000 rw-p 00000000 00:00 0 
7f32b1efa000-7f32b1efb000 ---p 00000000 00:00 0 
7f32b1efb000-7f32b1ffc000 rw-p 00000000 00:00 0 
7f32b1ffc000-7f32b1ffd000 ---p 00000000 00:00 0 
7f32b1ffd000-7f32b1ffe000 rw-p 00000000 00:00 0 
7f32b1ffe000-7f32b2002000 ---p 00000000 00:00 0 
7f32b2002000-7f32b27fd000 rw-p 00000000 00:00 0 
7f32b27fd000-7f32b27fe000 ---p 00000000 00:00 0 
7f32b27fe000-7f32b27ff000 rw-p 00000000 00:00 0 
7f32b27ff000-7f32b2803000 ---p 00000000 00:00 0 
7f32b2803000-7f32b2ffe000 rw-p 00000000 00:00 0 
7f32b2ffe000-7f32b2fff000 ---p 00000000 00:00 0 
7f32b2fff000-7f32b3000000 rw-p 00000000 00:00 0 
7f32b3000000-7f32b3004000 ---p 00000000 00:00 0 
7f32b3004000-7f32b37ff000 rw-p 00000000 00:00 0 
7f32b37ff000-7f32b3800000 ---p 00000000 00:00 0 
7f32b3800000-7f32b3801000 rw-p 00000000 00:00 0 
7f32b3801000-7f32b3805000 ---p 00000000 00:00 0 
7f32b3805000-7f32b4000000 rw-p 00000000 00:00 0 
7f32b4000000-7f32b44a8000 rw-p 00000000 00:00 0 
7f32b44a8000-7f32b8000000 ---p 00000000 00:00 0 
7f32b8000000-7f32b84e3000 rw-p 00000000 00:00 0 
7f32b84e3000-7f32bc000000 ---p 00000000 00:00 0 
7f32bc000000-7f32bc495000 rw-p 00000000 00:00 0 
7f32bc495000-7f32c0000000 ---p 00000000 00:00 0 
7f32c0000000-7f32c04f2000 rw-p 00000000 00:00 0 
7f32c04f2000-7f32c4000000 ---p 00000000 00:00 0 
7f32c4000000-7f32c4021000 rw-p 00000000 00:00 0 
7f32c4021000-7f32c8000000 ---p 00000000 00:00 0 
7f32c8000000-7f32c83da000 rw-p 00000000 00:00 0 
7f32c83da000-7f32cc000000 ---p 00000000 00:00 0 
7f32cc000000-7f32cd1ee000 rw-p 00000000 00:00 0 
7f32cd1ee000-7f32d0000000 ---p 00000000 00:00 0 
7f32d0000000-7f32d0021000 rw-p 00000000 00:00 0 
7f32d0021000-7f32d4000000 ---p 00000000 00:00 0 
7f32d4000000-7f32d5b90000 rw-p 00000000 00:00 0 
7f32d5b90000-7f32d8000000 ---p 00000000 00:00 0 
7f32d80f4000-7f32d80f5000 ---p 00000000 00:00 0 
7f32d80f5000-7f32d81f6000 rw-p 00000000 00:00 0 
7f32d81f6000-7f32d81f7000 ---p 00000000 00:00 0 
7f32d81f7000-7f32d82f8000 rw-p 00000000 00:00 0 
7f32d82f8000-7f32d82f9000 ---p 00000000 00:00 0 
7f32d82f9000-7f32d83fa000 rw-p 00000000 00:00 0 
7f32d83fa000-7f32d83fb000 ---p 00000000 00:00 0 
7f32d83fb000-7f32d83fc000 rw-p 00000000 00:00 0 
7f32d83fc000-7f32d8400000 ---p 00000000 00:00 0 
7f32d8400000-7f32d8bfb000 rw-p 00000000 00:00 0 
7f32d8bfb000-7f32d8bfc000 ---p 00000000 00:00 0 
7f32d8bfc000-7f32d8bfd000 rw-p 00000000 00:00 0 
7f32d8bfd000-7f32d8c01000 ---p 00000000 00:00 0 
7f32d8c01000-7f32d93fc000 rw-p 00000000 00:00 0 
7f32d93fc000-7f32d93fd000 ---p 00000000 00:00 0 
7f32d93fd000-7f32d93fe000 rw-p 00000000 00:00 0 
7f32d93fe000-7f32d9402000 ---p 00000000 00:00 0 
7f32d9402000-7f32d9bfd000 rw-p 00000000 00:00 0 
7f32d9bfd000-7f32d9bfe000 ---p 00000000 00:00 0 
7f32d9bfe000-7f32d9bff000 rw-p 00000000 00:00 0 
7f32d9bff000-7f32d9c03000 ---p 00000000 00:00 0 
7f32d9c03000-7f32da3fe000 rw-p 00000000 00:00 0 
7f32da3fe000-7f32da3ff000 ---p 00000000 00:00 0 
7f32da3ff000-7f32da400000 rw-p 00000000 00:00 0 
7f32da400000-7f32da404000 ---p 00000000 00:00 0 
7f32da404000-7f32dabff000 rw-p 00000000 00:00 0 
7f32dabff000-7f32dac00000 ---p 00000000 00:00 0 
7f32dac00000-7f32dac01000 rw-p 00000000 00:00 0 
7f32dac01000-7f32dac05000 ---p 00000000 00:00 0 
7f32dac05000-7f32db500000 rw-p 00000000 00:00 0 
7f32db500000-7f32db580000 rw-p 00000000 00:00 0 
7f32db580000-7f32db680000 rw-p 00000000 00:00 0 
7f32db680000-7f32db700000 rw-p 00000000 00:00 0 
7f32db700000-7f32db880000 rw-p 00000000 00:00 0 
7f32db880000-7f32db900000 rw-p 00000000 00:00 0 
7f32db900000-7f32dbb00000 rw-p 00000000 00:00 0 
7f32dbb00000-7f32dbc00000 rw-p 00000000 00:00 0 
7f32dbcfa000-7f32dbcfb000 ---p 00000000 00:00 0 
7f32dbcfb000-7f32dbdfc000 rw-p 00000000 00:00 0 
7f32dbdfc000-7f32dbdfd000 ---p 00000000 00:00 0 
7f32dbdfd000-7f32dbefe000 rw-p 00000000 00:00 0 
7f32dbefe000-7f32dbeff000 ---p 00000000 00:00 0 
7f32dbeff000-7f32dc000000 rw-p 00000000 00:00 0 
7f32dc000000-7f32dd6b1000 rw-p 00000000 00:00 0 
7f32dd6b1000-7f32e0000000 ---p 00000000 00:00 0 
7f32e0000000-7f32e1b03000 rw-p 00000000 00:00 0 
7f32e1b03000-7f32e4000000 ---p 00000000 00:00 0 
7f32e4000000-7f32e5cb6000 rw-p 00000000 00:00 0 
7f32e5cb6000-7f32e8000000 ---p 00000000 00:00 0 
7f32e8000000-7f32e987a000 rw-p 00000000 00:00 0 
7f32e987a000-7f32ec000000 ---p 00000000 00:00 0 
7f32ec000000-7f32ed7ce000 rw-p 00000000 00:00 0 
7f32ed7ce000-7f32f0000000 ---p 00000000 00:00 0 
7f32f0000000-7f32f15c0000 rw-p 00000000 00:00 0 
7f32f15c0000-7f32f4000000 ---p 00000000 00:00 0 
7f32f4000000-7f32f47cd000 rw-p 00000000 00:00 0 
7f32f47cd000-7f32f8000000 ---p 00000000 00:00 0 
7f32f8000000-7f32f8493000 rw-p 00000000 00:00 0 
7f32f8493000-7f32fc000000 ---p 00000000 00:00 0 
7f32fc000000-7f32fc021000 rw-p 00000000 00:00 0 
7f32fc021000-7f3300000000 ---p 00000000 00:00 0 
7f3300000000-7f3300021000 rw-p 00000000 00:00 0 
7f3300021000-7f3304000000 ---p 00000000 00:00 0 
7f3304000000-7f3305933000 rw-p 00000000 00:00 0 
7f3305933000-7f3308000000 ---p 00000000 00:00 0 
7f3308000000-7f33086fe000 rw-p 00000000 00:00 0 
7f33086fe000-7f330c000000 ---p 00000000 00:00 0 
7f330c000000-7f330c021000 rw-p 00000000 00:00 0 
7f330c021000-7f3310000000 ---p 00000000 00:00 0 
7f3310000000-7f3310021000 rw-p 00000000 00:00 0 
7f3310021000-7f3314000000 ---p 00000000 00:00 0 
7f3314000000-7f3314021000 rw-p 00000000 00:00 0 
7f3314021000-7f3318000000 ---p 00000000 00:00 0 
7f3318000000-7f3318021000 rw-p 00000000 00:00 0 
7f3318021000-7f331c000000 ---p 00000000 00:00 0 
7f331c000000-7f331c021000 rw-p 00000000 00:00 0 
7f331c021000-7f3320000000 ---p 00000000 00:00 0 
7f3320000000-7f3320021000 rw-p 00000000 00:00 0 
7f3320021000-7f3324000000 ---p 00000000 00:00 0 
7f3324000000-7f3324021000 rw-p 00000000 00:00 0 
7f3324021000-7f3328000000 ---p 00000000 00:00 0 
7f3328000000-7f3328021000 rw-p 00000000 00:00 0 
7f3328021000-7f332c000000 ---p 00000000 00:00 0 
7f332c000000-7f332c021000 rw-p 00000000 00:00 0 
7f332c021000-7f3330000000 ---p 00000000 00:00 0 
7f3330000000-7f3330021000 rw-p 00000000 00:00 0 
7f3330021000-7f3334000000 ---p 00000000 00:00 0 
7f3334000000-7f3334021000 rw-p 00000000 00:00 0 
7f3334021000-7f3338000000 ---p 00000000 00:00 0 
7f33380cf000-7f33380d0000 ---p 00000000 00:00 0 
7f33380d0000-7f33381d1000 rw-p 00000000 00:00 0 
7f33382be000-7f33382bf000 ---p 00000000 00:00 0 
7f33382bf000-7f33383c0000 rw-p 00000000 00:00 0 
7f33383c0000-7f33383c1000 ---p 00000000 00:00 0 
7f33383c1000-7f33384c2000 rw-p 00000000 00:00 0 
7f33384c2000-7f33384c3000 ---p 00000000 00:00 0 
7f33384c3000-7f33385c4000 rw-p 00000000 00:00 0 
7f33385c4000-7f33385c8000 ---p 00000000 00:00 0 
7f33385c8000-7f33386c5000 rw-p 00000000 00:00 0 
7f33386d8000-7f33386dc000 ---p 00000000 00:00 0 
7f33386dc000-7f33387d9000 rw-p 00000000 00:00 0 
7f333889d000-7f33388a1000 ---p 00000000 00:00 0 
7f33388a1000-7f333899e000 rw-p 00000000 00:00 0 
7f333899e000-7f33389a2000 ---p 00000000 00:00 0 
7f33389a2000-7f3338a9f000 rw-p 00000000 00:00 0 
7f3338a9f000-7f3338aa3000 ---p 00000000 00:00 0 
7f3338aa3000-7f3338ba0000 rw-p 00000000 00:00 0 
7f3338bef000-7f3338bf0000 r--p 00000000 fd:03 279157                     /usr/lib/x86_64-linux-gnu/libnss_dns-2.31.so
7f3338bf0000-7f3338bf4000 r-xp 00001000 fd:03 279157                     /usr/lib/x86_64-linux-gnu/libnss_dns-2.31.so
7f3338bf4000-7f3338bf5000 r--p 00005000 fd:03 279157                     /usr/lib/x86_64-linux-gnu/libnss_dns-2.31.so
7f3338bf5000-7f3338bf6000 r--p 00005000 fd:03 279157                     /usr/lib/x86_64-linux-gnu/libnss_dns-2.31.so
7f3338bf6000-7f3338bf7000 rw-p 00006000 fd:03 279157                     /usr/lib/x86_64-linux-gnu/libnss_dns-2.31.so
7f3338bf7000-7f3338bfb000 r--p 00000000 fd:03 279186                     /usr/lib/x86_64-linux-gnu/libresolv-2.31.so
7f3338bfb000-7f3338c0b000 r-xp 00004000 fd:03 279186                     /usr/lib/x86_64-linux-gnu/libresolv-2.31.so
7f3338c0b000-7f3338c0f000 r--p 00014000 fd:03 279186                     /usr/lib/x86_64-linux-gnu/libresolv-2.31.so
7f3338c0f000-7f3338c10000 r--p 00017000 fd:03 279186                     /usr/lib/x86_64-linux-gnu/libresolv-2.31.so
7f3338c10000-7f3338c11000 rw-p 00018000 fd:03 279186                     /usr/lib/x86_64-linux-gnu/libresolv-2.31.so
7f3338c11000-7f3338c13000 rw-p 00000000 00:00 0 
7f3338c13000-7f3338c14000 r--p 00000000 fd:03 279029                     /usr/lib/x86_64-linux-gnu/libnss_mdns4_minimal.so.2
7f3338c14000-7f3338c16000 r-xp 00001000 fd:03 279029                     /usr/lib/x86_64-linux-gnu/libnss_mdns4_minimal.so.2
7f3338c16000-7f3338c17000 r--p 00003000 fd:03 279029                     /usr/lib/x86_64-linux-gnu/libnss_mdns4_minimal.so.2
7f3338c17000-7f3338c18000 r--p 00003000 fd:03 279029                     /usr/lib/x86_64-linux-gnu/libnss_mdns4_minimal.so.2
7f3338c18000-7f3338c19000 rw-p 00004000 fd:03 279029                     /usr/lib/x86_64-linux-gnu/libnss_mdns4_minimal.so.2
7f3338c19000-7f3338c1b000 r--p 00000000 fd:03 283467                     /usr/lib/x86_64-linux-gnu/libnss_dir.so.2
7f3338c1b000-7f3338c22000 r-xp 00002000 fd:03 283467                     /usr/lib/x86_64-linux-gnu/libnss_dir.so.2
7f3338c22000-7f3338c24000 r--p 00009000 fd:03 283467                     /usr/lib/x86_64-linux-gnu/libnss_dir.so.2
7f3338c24000-7f3338c25000 r--p 0000a000 fd:03 283467                     /usr/lib/x86_64-linux-gnu/libnss_dir.so.2
7f3338c25000-7f3338c26000 rw-p 0000b000 fd:03 283467                     /usr/lib/x86_64-linux-gnu/libnss_dir.so.2
7f3338c3e000-7f3338c45000 r--s 00000000 fd:03 286455                     /usr/lib/x86_64-linux-gnu/gconv/gconv-modules.cache
7f3338c45000-7f3338c47000 r--p 00000000 fd:04 17564446                   /usr0/home/aoli/repos/exchain/runtime/build/jre-inst-field-only/lib/libmanagement_ext.so
7f3338c47000-7f3338c4a000 r-xp 00002000 fd:04 17564446                   /usr0/home/aoli/repos/exchain/runtime/build/jre-inst-field-only/lib/libmanagement_ext.so
7f3338c4a000-7f3338c4c000 r--p 00005000 fd:04 17564446                   /usr0/home/aoli/repos/exchain/runtime/build/jre-inst-field-only/lib/libmanagement_ext.so
7f3338c4c000-7f3338c4d000 r--p 00006000 fd:04 17564446                   /usr0/home/aoli/repos/exchain/runtime/build/jre-inst-field-only/lib/libmanagement_ext.so
7f3338c4d000-7f3338c4e000 rw-p 00007000 fd:04 17564446                   /usr0/home/aoli/repos/exchain/runtime/build/jre-inst-field-only/lib/libmanagement_ext.so
7f3338c4e000-7f3338c50000 r--p 00000000 fd:04 17564376                   /usr0/home/aoli/repos/exchain/runtime/build/jre-inst-field-only/lib/libmanagement.so
7f3338c50000-7f3338c51000 r-xp 00002000 fd:04 17564376                   /usr0/home/aoli/repos/exchain/runtime/build/jre-inst-field-only/lib/libmanagement.so
7f3338c51000-7f3338c52000 r--p 00003000 fd:04 17564376                   /usr0/home/aoli/repos/exchain/runtime/build/jre-inst-field-only/lib/libmanagement.so
7f3338c52000-7f3338c53000 r--p 00003000 fd:04 17564376                   /usr0/home/aoli/repos/exchain/runtime/build/jre-inst-field-only/lib/libmanagement.so
7f3338c53000-7f3338c54000 rw-p 00004000 fd:04 17564376                   /usr0/home/aoli/repos/exchain/runtime/build/jre-inst-field-only/lib/libmanagement.so
7f3338c54000-7f3338c58000 ---p 00000000 00:00 0 
7f3338c58000-7f3338d55000 rw-p 00000000 00:00 0 
7f3338d55000-7f3338d59000 ---p 00000000 00:00 0 
7f3338d59000-7f3338e56000 rw-p 00000000 00:00 0 
7f3338e56000-7f3338e5a000 ---p 00000000 00:00 0 
7f3338e5a000-7f3338f57000 rw-p 00000000 00:00 0 
7f3338f57000-7f3338f5b000 r--p 00000000 fd:04 17564342                   /usr0/home/aoli/repos/exchain/runtime/build/jre-inst-field-only/lib/libnet.so
7f3338f5b000-7f3338f69000 r-xp 00004000 fd:04 17564342                   /usr0/home/aoli/repos/exchain/runtime/build/jre-inst-field-only/lib/libnet.so
7f3338f69000-7f3338f6d000 r--p 00012000 fd:04 17564342                   /usr0/home/aoli/repos/exchain/runtime/build/jre-inst-field-only/lib/libnet.so
7f3338f6d000-7f3338f6e000 r--p 00015000 fd:04 17564342                   /usr0/home/aoli/repos/exchain/runtime/build/jre-inst-field-only/lib/libnet.so
7f3338f6e000-7f3338f6f000 rw-p 00016000 fd:04 17564342                   /usr0/home/aoli/repos/exchain/runtime/build/jre-inst-field-only/lib/libnet.so
7f3338f6f000-7f3338f75000 r--p 00000000 fd:04 17564343                   /usr0/home/aoli/repos/exchain/runtime/build/jre-inst-field-only/lib/libnio.so
7f3338f75000-7f3338f7e000 r-xp 00006000 fd:04 17564343                   /usr0/home/aoli/repos/exchain/runtime/build/jre-inst-field-only/lib/libnio.so
7f3338f7e000-7f3338f82000 r--p 0000f000 fd:04 17564343                   /usr0/home/aoli/repos/exchain/runtime/build/jre-inst-field-only/lib/libnio.so
7f3338f82000-7f3338f83000 ---p 00013000 fd:04 17564343                   /usr0/home/aoli/repos/exchain/runtime/build/jre-inst-field-only/lib/libnio.so
7f3338f83000-7f3338f84000 r--p 00013000 fd:04 17564343                   /usr0/home/aoli/repos/exchain/runtime/build/jre-inst-field-only/lib/libnio.so
7f3338f84000-7f3338f85000 rw-p 00014000 fd:04 17564343                   /usr0/home/aoli/repos/exchain/runtime/build/jre-inst-field-only/lib/libnio.so
7f3338f85000-7f3338f89000 ---p 00000000 00:00 0 
7f3338f89000-7f3339086000 rw-p 00000000 00:00 0 
7f3339086000-7f333908a000 ---p 00000000 00:00 0 
7f333908a000-7f3339187000 rw-p 00000000 00:00 0 
7f3339187000-7f333918b000 ---p 00000000 00:00 0 
7f333918b000-7f3339288000 rw-p 00000000 00:00 0 
7f3339288000-7f333928c000 ---p 00000000 00:00 0 
7f333928c000-7f3339389000 rw-p 00000000 00:00 0 
7f3339389000-7f333938d000 ---p 00000000 00:00 0 
7f333938d000-7f333948a000 rw-p 00000000 00:00 0 
7f333948a000-7f333948e000 ---p 00000000 00:00 0 
7f333948e000-7f333958b000 rw-p 00000000 00:00 0 
7f333958b000-7f333958f000 ---p 00000000 00:00 0 
7f333958f000-7f333968c000 rw-p 00000000 00:00 0 
7f333968c000-7f3339690000 ---p 00000000 00:00 0 
7f3339690000-7f333978d000 rw-p 00000000 00:00 0 
7f333978d000-7f3339791000 ---p 00000000 00:00 0 
7f3339791000-7f333988e000 rw-p 00000000 00:00 0 
7f333988e000-7f3339892000 ---p 00000000 00:00 0 
7f3339892000-7f333998f000 rw-p 00000000 00:00 0 
7f333998f000-7f3339eff000 r--p 00000000 fd:03 266358                     /usr/lib/locale/locale-archive
7f3339eff000-7f3339f03000 ---p 00000000 00:00 0 
7f3339f03000-7f333a500000 rw-p 00000000 00:00 0 
7f333a500000-7f333a520000 rw-p 00000000 00:00 0 
7f333a520000-7f333a540000 rw-p 00000000 00:00 0 
7f333a540000-7f333a580000 rw-p 00000000 00:00 0 
7f333a580000-7f333a700000 rw-p 00000000 00:00 0 
7f333a700000-7f333a720000 rw-p 00000000 00:00 0 
7f333a720000-7f333a740000 rw-p 00000000 00:00 0 
7f333a740000-7f333a780000 rw-p 00000000 00:00 0 
7f333a780000-7f333a800000 rw-p 00000000 00:00 0 
7f333a804000-7f333a808000 ---p 00000000 00:00 0 
7f333a808000-7f333a905000 rw-p 00000000 00:00 0 
7f333a905000-7f333a906000 ---p 00000000 00:00 0 
7f333a906000-7f333ab24000 rw-p 00000000 00:00 0 
7f333ab24000-7f333ab25000 ---p 00000000 00:00 0 
7f333ab25000-7f333ac26000 rw-p 00000000 00:00 0 
7f333ac26000-7f333ac27000 ---p 00000000 00:00 0 
7f333ac27000-7f333b62f000 rw-p 00000000 00:00 0 
7f333b62f000-7f333d22f000 ---p 00000000 00:00 0 
7f333d22f000-7f333d26f000 rw-p 00000000 00:00 0 
7f333d26f000-7f333d36f000 ---p 00000000 00:00 0 
7f333d36f000-7f333d3af000 rw-p 00000000 00:00 0 
7f333d3af000-7f33593af000 ---p 00000000 00:00 0 
7f33593af000-7f33595af000 rw-p 00000000 00:00 0 
7f33595af000-7f335b1af000 ---p 00000000 00:00 0 
7f335b1af000-7f335b1ef000 rw-p 00000000 00:00 0 
7f335b1ef000-7f335b2ef000 ---p 00000000 00:00 0 
7f335b2ef000-7f335b32f000 rw-p 00000000 00:00 0 
7f335b32f000-7f337732f000 ---p 00000000 00:00 0 
7f337732f000-7f337736f000 rw-p 00000000 00:00 0 
7f337736f000-7f33776ef000 ---p 00000000 00:00 0 
7f33776ef000-7f33776f7000 rw-p 00000000 00:00 0 
7f33776f7000-7f3377717000 ---p 00000000 00:00 0 
7f3377717000-7f337771f000 rw-p 00000000 00:00 0 
7f337771f000-7f337af1f000 ---p 00000000 00:00 0 
7f337af1f000-7f337af5f000 rw-p 00000000 00:00 0 
7f337af5f000-7f337b2df000 ---p 00000000 00:00 0 
7f337b2df000-7f337b2e7000 rw-p 00000000 00:00 0 
7f337b2e7000-7f337b307000 ---p 00000000 00:00 0 
7f337b307000-7f337b30f000 rw-p 00000000 00:00 0 
7f337b30f000-7f337eb0f000 ---p 00000000 00:00 0 
7f337eb0f000-7f337eb4f000 rw-p 00000000 00:00 0 
7f337eb4f000-7f337eecf000 ---p 00000000 00:00 0 
7f337eecf000-7f337eed7000 rw-p 00000000 00:00 0 
7f337eed7000-7f337eef7000 ---p 00000000 00:00 0 
7f337eef7000-7f337eeff000 rw-p 00000000 00:00 0 
7f337eeff000-7f33826ff000 ---p 00000000 00:00 0 
7f33826ff000-7f33829ef000 rwxp 00000000 00:00 0 
7f33829ef000-7f3382e40000 ---p 00000000 00:00 0 
7f3382e40000-7f33837f0000 rwxp 00000000 00:00 0 
7f33837f0000-7f338a29f000 ---p 00000000 00:00 0 
7f338a29f000-7f338a72f000 rwxp 00000000 00:00 0 
7f338a72f000-7f33916ff000 ---p 00000000 00:00 0 
7f33916ff000-7f339c000000 r--s 00000000 fd:04 17564306                   /usr0/home/aoli/repos/exchain/runtime/build/jre-inst-field-only/lib/modules
7f339c000000-7f339cda6000 rw-p 00000000 00:00 0 
7f339cda6000-7f33a0000000 ---p 00000000 00:00 0 
7f33a0004000-7f33a0008000 r--p 00000000 fd:04 17564344                   /usr0/home/aoli/repos/exchain/runtime/build/jre-inst-field-only/lib/libverify.so
7f33a0008000-7f33a000f000 r-xp 00004000 fd:04 17564344                   /usr0/home/aoli/repos/exchain/runtime/build/jre-inst-field-only/lib/libverify.so
7f33a000f000-7f33a0011000 r--p 0000b000 fd:04 17564344                   /usr0/home/aoli/repos/exchain/runtime/build/jre-inst-field-only/lib/libverify.so
7f33a0011000-7f33a0012000 ---p 0000d000 fd:04 17564344                   /usr0/home/aoli/repos/exchain/runtime/build/jre-inst-field-only/lib/libverify.so
7f33a0012000-7f33a0014000 r--p 0000d000 fd:04 17564344                   /usr0/home/aoli/repos/exchain/runtime/build/jre-inst-field-only/lib/libverify.so
7f33a0014000-7f33a0015000 rw-p 0000f000 fd:04 17564344                   /usr0/home/aoli/repos/exchain/runtime/build/jre-inst-field-only/lib/libverify.so
7f33a0015000-7f33a281d000 rw-p 00000000 00:00 0 
7f33a281d000-7f33a281e000 ---p 00000000 00:00 0 
7f33a281e000-7f33a291f000 rw-p 00000000 00:00 0 
7f33a291f000-7f33a2920000 ---p 00000000 00:00 0 
7f33a2920000-7f33a2a21000 rw-p 00000000 00:00 0 
7f33a2a21000-7f33a2a22000 ---p 00000000 00:00 0 
7f33a2a22000-7f33a3c20000 rw-p 00000000 00:00 0 
7f33a3c20000-7f33a3cff000 ---p 00000000 00:00 0 
7f33a3cff000-7f33a3d13000 rw-p 00000000 00:00 0 
7f33a3d13000-7f33a3de8000 ---p 00000000 00:00 0 
7f33a3de8000-7f33a3deb000 r--p 00000000 fd:03 279165                     /usr/lib/x86_64-linux-gnu/libnss_files-2.31.so
7f33a3deb000-7f33a3df2000 r-xp 00003000 fd:03 279165                     /usr/lib/x86_64-linux-gnu/libnss_files-2.31.so
7f33a3df2000-7f33a3df4000 r--p 0000a000 fd:03 279165                     /usr/lib/x86_64-linux-gnu/libnss_files-2.31.so
7f33a3df4000-7f33a3df5000 r--p 0000b000 fd:03 279165                     /usr/lib/x86_64-linux-gnu/libnss_files-2.31.so
7f33a3df5000-7f33a3df6000 rw-p 0000c000 fd:03 279165                     /usr/lib/x86_64-linux-gnu/libnss_files-2.31.so
7f33a3df6000-7f33a3dfc000 rw-p 00000000 00:00 0 
7f33a3dff000-7f33a3e05000 rw-p 00000000 00:00 0 
7f33a3e05000-7f33a3e0e000 ---p 00000000 00:00 0 
7f33a3e0e000-7f33a3e10000 r--s 0000c000 fd:03 1589786                    /usr/share/java/java-atk-wrapper.jar
7f33a3e10000-7f33a3e12000 r--p 00000000 fd:04 17564345                   /usr0/home/aoli/repos/exchain/runtime/build/jre-inst-field-only/lib/libzip.so
7f33a3e12000-7f33a3e17000 r-xp 00002000 fd:04 17564345                   /usr0/home/aoli/repos/exchain/runtime/build/jre-inst-field-only/lib/libzip.so
7f33a3e17000-7f33a3e19000 r--p 00007000 fd:04 17564345                   /usr0/home/aoli/repos/exchain/runtime/build/jre-inst-field-only/lib/libzip.so
7f33a3e19000-7f33a3e1a000 r--p 00008000 fd:04 17564345                   /usr0/home/aoli/repos/exchain/runtime/build/jre-inst-field-only/lib/libzip.so
7f33a3e1a000-7f33a3e1b000 rw-p 00009000 fd:04 17564345                   /usr0/home/aoli/repos/exchain/runtime/build/jre-inst-field-only/lib/libzip.so
7f33a3e1b000-7f33a3e23000 r--p 00000000 fd:04 41433665                   /usr0/home/aoli/repos/exchain/native/build/lib/main/debug/libnative.so
7f33a3e23000-7f33a3e35000 r-xp 00008000 fd:04 41433665                   /usr0/home/aoli/repos/exchain/native/build/lib/main/debug/libnative.so
7f33a3e35000-7f33a3e39000 r--p 0001a000 fd:04 41433665                   /usr0/home/aoli/repos/exchain/native/build/lib/main/debug/libnative.so
7f33a3e39000-7f33a3e3a000 ---p 0001e000 fd:04 41433665                   /usr0/home/aoli/repos/exchain/native/build/lib/main/debug/libnative.so
7f33a3e3a000-7f33a3e3b000 r--p 0001e000 fd:04 41433665                   /usr0/home/aoli/repos/exchain/native/build/lib/main/debug/libnative.so
7f33a3e3b000-7f33a3e3c000 rw-p 0001f000 fd:04 41433665                   /usr0/home/aoli/repos/exchain/native/build/lib/main/debug/libnative.so
7f33a3e3c000-7f33a3e48000 r--p 00000000 fd:04 17564338                   /usr0/home/aoli/repos/exchain/runtime/build/jre-inst-field-only/lib/libjava.so
7f33a3e48000-7f33a3e5b000 r-xp 0000c000 fd:04 17564338                   /usr0/home/aoli/repos/exchain/runtime/build/jre-inst-field-only/lib/libjava.so
7f33a3e5b000-7f33a3e61000 r--p 0001f000 fd:04 17564338                   /usr0/home/aoli/repos/exchain/runtime/build/jre-inst-field-only/lib/libjava.so
7f33a3e61000-7f33a3e62000 ---p 00025000 fd:04 17564338                   /usr0/home/aoli/repos/exchain/runtime/build/jre-inst-field-only/lib/libjava.so
7f33a3e62000-7f33a3e63000 r--p 00025000 fd:04 17564338                   /usr0/home/aoli/repos/exchain/runtime/build/jre-inst-field-only/lib/libjava.so
7f33a3e63000-7f33a3e64000 rw-p 00026000 fd:04 17564338                   /usr0/home/aoli/repos/exchain/runtime/build/jre-inst-field-only/lib/libjava.so
7f33a3e64000-7f33a3e65000 rw-p 00000000 00:00 0 
7f33a3e65000-7f33a3e69000 ---p 00000000 00:00 0 
7f33a3e69000-7f33a3f66000 rw-p 00000000 00:00 0 
7f33a3f66000-7f33a3f69000 r--p 00000000 fd:03 270762                     /usr/lib/x86_64-linux-gnu/libgcc_s.so.1
7f33a3f69000-7f33a3f7b000 r-xp 00003000 fd:03 270762                     /usr/lib/x86_64-linux-gnu/libgcc_s.so.1
7f33a3f7b000-7f33a3f7f000 r--p 00015000 fd:03 270762                     /usr/lib/x86_64-linux-gnu/libgcc_s.so.1
7f33a3f7f000-7f33a3f80000 r--p 00018000 fd:03 270762                     /usr/lib/x86_64-linux-gnu/libgcc_s.so.1
7f33a3f80000-7f33a3f81000 rw-p 00019000 fd:03 270762                     /usr/lib/x86_64-linux-gnu/libgcc_s.so.1
7f33a3f81000-7f33a3f8e000 r--p 00000000 fd:03 279147                     /usr/lib/x86_64-linux-gnu/libm-2.31.so
7f33a3f8e000-7f33a4035000 r-xp 0000d000 fd:03 279147                     /usr/lib/x86_64-linux-gnu/libm-2.31.so
7f33a4035000-7f33a40ce000 r--p 000b4000 fd:03 279147                     /usr/lib/x86_64-linux-gnu/libm-2.31.so
7f33a40ce000-7f33a40cf000 r--p 0014c000 fd:03 279147                     /usr/lib/x86_64-linux-gnu/libm-2.31.so
7f33a40cf000-7f33a40d0000 rw-p 0014d000 fd:03 279147                     /usr/lib/x86_64-linux-gnu/libm-2.31.so
7f33a40d0000-7f33a4166000 r--p 00000000 fd:03 270743                     /usr/lib/x86_64-linux-gnu/libstdc++.so.6.0.28
7f33a4166000-7f33a4257000 r-xp 00096000 fd:03 270743                     /usr/lib/x86_64-linux-gnu/libstdc++.so.6.0.28
7f33a4257000-7f33a42a0000 r--p 00187000 fd:03 270743                     /usr/lib/x86_64-linux-gnu/libstdc++.so.6.0.28
7f33a42a0000-7f33a42a1000 ---p 001d0000 fd:03 270743                     /usr/lib/x86_64-linux-gnu/libstdc++.so.6.0.28
7f33a42a1000-7f33a42ac000 r--p 001d0000 fd:03 270743                     /usr/lib/x86_64-linux-gnu/libstdc++.so.6.0.28
7f33a42ac000-7f33a42af000 rw-p 001db000 fd:03 270743                     /usr/lib/x86_64-linux-gnu/libstdc++.so.6.0.28
7f33a42af000-7f33a42b2000 rw-p 00000000 00:00 0 
7f33a42b2000-7f33a44f5000 r--p 00000000 fd:04 17564353                   /usr0/home/aoli/repos/exchain/runtime/build/jre-inst-field-only/lib/server/libjvm.so
7f33a44f5000-7f33a525e000 r-xp 00243000 fd:04 17564353                   /usr0/home/aoli/repos/exchain/runtime/build/jre-inst-field-only/lib/server/libjvm.so
7f33a525e000-7f33a54dc000 r--p 00fac000 fd:04 17564353                   /usr0/home/aoli/repos/exchain/runtime/build/jre-inst-field-only/lib/server/libjvm.so
7f33a54dc000-7f33a5590000 r--p 01229000 fd:04 17564353                   /usr0/home/aoli/repos/exchain/runtime/build/jre-inst-field-only/lib/server/libjvm.so
7f33a5590000-7f33a55c4000 rw-p 012dd000 fd:04 17564353                   /usr0/home/aoli/repos/exchain/runtime/build/jre-inst-field-only/lib/server/libjvm.so
7f33a55c4000-7f33a5621000 rw-p 00000000 00:00 0 
7f33a5621000-7f33a5627000 r--p 00000000 fd:03 279184                     /usr/lib/x86_64-linux-gnu/libpthread-2.31.so
7f33a5627000-7f33a5638000 r-xp 00006000 fd:03 279184                     /usr/lib/x86_64-linux-gnu/libpthread-2.31.so
7f33a5638000-7f33a563e000 r--p 00017000 fd:03 279184                     /usr/lib/x86_64-linux-gnu/libpthread-2.31.so
7f33a563e000-7f33a563f000 r--p 0001c000 fd:03 279184                     /usr/lib/x86_64-linux-gnu/libpthread-2.31.so
7f33a563f000-7f33a5640000 rw-p 0001d000 fd:03 279184                     /usr/lib/x86_64-linux-gnu/libpthread-2.31.so
7f33a5640000-7f33a5644000 rw-p 00000000 00:00 0 
7f33a5644000-7f33a5645000 r--p 00000000 fd:03 279145                     /usr/lib/x86_64-linux-gnu/libdl-2.31.so
7f33a5645000-7f33a5647000 r-xp 00001000 fd:03 279145                     /usr/lib/x86_64-linux-gnu/libdl-2.31.so
7f33a5647000-7f33a5648000 r--p 00003000 fd:03 279145                     /usr/lib/x86_64-linux-gnu/libdl-2.31.so
7f33a5648000-7f33a5649000 r--p 00003000 fd:03 279145                     /usr/lib/x86_64-linux-gnu/libdl-2.31.so
7f33a5649000-7f33a564a000 rw-p 00004000 fd:03 279145                     /usr/lib/x86_64-linux-gnu/libdl-2.31.so
7f33a564a000-7f33a564c000 r--p 00000000 fd:03 262836                     /usr/lib/x86_64-linux-gnu/libz.so.1.2.11
7f33a564c000-7f33a565d000 r-xp 00002000 fd:03 262836                     /usr/lib/x86_64-linux-gnu/libz.so.1.2.11
7f33a565d000-7f33a5663000 r--p 00013000 fd:03 262836                     /usr/lib/x86_64-linux-gnu/libz.so.1.2.11
7f33a5663000-7f33a5664000 ---p 00019000 fd:03 262836                     /usr/lib/x86_64-linux-gnu/libz.so.1.2.11
7f33a5664000-7f33a5665000 r--p 00019000 fd:03 262836                     /usr/lib/x86_64-linux-gnu/libz.so.1.2.11
7f33a5665000-7f33a5666000 rw-p 0001a000 fd:03 262836                     /usr/lib/x86_64-linux-gnu/libz.so.1.2.11
7f33a5666000-7f33a5688000 r--p 00000000 fd:03 279143                     /usr/lib/x86_64-linux-gnu/libc-2.31.so
7f33a5688000-7f33a5800000 r-xp 00022000 fd:03 279143                     /usr/lib/x86_64-linux-gnu/libc-2.31.so
7f33a5800000-7f33a584e000 r--p 0019a000 fd:03 279143                     /usr/lib/x86_64-linux-gnu/libc-2.31.so
7f33a584e000-7f33a5852000 r--p 001e7000 fd:03 279143                     /usr/lib/x86_64-linux-gnu/libc-2.31.so
7f33a5852000-7f33a5854000 rw-p 001eb000 fd:03 279143                     /usr/lib/x86_64-linux-gnu/libc-2.31.so
7f33a5854000-7f33a5858000 rw-p 00000000 00:00 0 
7f33a5858000-7f33a5860000 rw-s 00000000 00:34 35                         /tmp/hsperfdata_aoli/3087784
7f33a5860000-7f33a5861000 r--p 00000000 fd:04 17564374                   /usr0/home/aoli/repos/exchain/runtime/build/jre-inst-field-only/lib/libinstrument.so
7f33a5861000-7f33a5867000 r-xp 00001000 fd:04 17564374                   /usr0/home/aoli/repos/exchain/runtime/build/jre-inst-field-only/lib/libinstrument.so
7f33a5867000-7f33a586a000 r--p 00007000 fd:04 17564374                   /usr0/home/aoli/repos/exchain/runtime/build/jre-inst-field-only/lib/libinstrument.so
7f33a586a000-7f33a586b000 r--p 00009000 fd:04 17564374                   /usr0/home/aoli/repos/exchain/runtime/build/jre-inst-field-only/lib/libinstrument.so
7f33a586b000-7f33a586c000 rw-p 0000a000 fd:04 17564374                   /usr0/home/aoli/repos/exchain/runtime/build/jre-inst-field-only/lib/libinstrument.so
7f33a586c000-7f33a586d000 ---p 00000000 00:00 0 
7f33a586d000-7f33a586e000 r--p 00000000 00:00 0 
7f33a586e000-7f33a5870000 r--p 00000000 fd:04 17564339                   /usr0/home/aoli/repos/exchain/runtime/build/jre-inst-field-only/lib/libjimage.so
7f33a5870000-7f33a5873000 r-xp 00002000 fd:04 17564339                   /usr0/home/aoli/repos/exchain/runtime/build/jre-inst-field-only/lib/libjimage.so
7f33a5873000-7f33a5874000 r--p 00005000 fd:04 17564339                   /usr0/home/aoli/repos/exchain/runtime/build/jre-inst-field-only/lib/libjimage.so
7f33a5874000-7f33a5875000 ---p 00006000 fd:04 17564339                   /usr0/home/aoli/repos/exchain/runtime/build/jre-inst-field-only/lib/libjimage.so
7f33a5875000-7f33a5876000 r--p 00006000 fd:04 17564339                   /usr0/home/aoli/repos/exchain/runtime/build/jre-inst-field-only/lib/libjimage.so
7f33a5876000-7f33a5877000 rw-p 00007000 fd:04 17564339                   /usr0/home/aoli/repos/exchain/runtime/build/jre-inst-field-only/lib/libjimage.so
7f33a5877000-7f33a5879000 r--p 00000000 fd:04 17564340                   /usr0/home/aoli/repos/exchain/runtime/build/jre-inst-field-only/lib/libjli.so
7f33a5879000-7f33a5883000 r-xp 00002000 fd:04 17564340                   /usr0/home/aoli/repos/exchain/runtime/build/jre-inst-field-only/lib/libjli.so
7f33a5883000-7f33a5886000 r--p 0000c000 fd:04 17564340                   /usr0/home/aoli/repos/exchain/runtime/build/jre-inst-field-only/lib/libjli.so
7f33a5886000-7f33a5887000 ---p 0000f000 fd:04 17564340                   /usr0/home/aoli/repos/exchain/runtime/build/jre-inst-field-only/lib/libjli.so
7f33a5887000-7f33a5888000 r--p 0000f000 fd:04 17564340                   /usr0/home/aoli/repos/exchain/runtime/build/jre-inst-field-only/lib/libjli.so
7f33a5888000-7f33a5889000 rw-p 00010000 fd:04 17564340                   /usr0/home/aoli/repos/exchain/runtime/build/jre-inst-field-only/lib/libjli.so
7f33a5889000-7f33a588b000 rw-p 00000000 00:00 0 
7f33a588b000-7f33a588c000 r--p 00000000 fd:03 262855                     /usr/lib/x86_64-linux-gnu/ld-2.31.so
7f33a588c000-7f33a58af000 r-xp 00001000 fd:03 262855                     /usr/lib/x86_64-linux-gnu/ld-2.31.so
7f33a58af000-7f33a58b7000 r--p 00024000 fd:03 262855                     /usr/lib/x86_64-linux-gnu/ld-2.31.so
7f33a58b7000-7f33a58b8000 ---p 00000000 00:00 0 
7f33a58b8000-7f33a58b9000 r--p 0002c000 fd:03 262855                     /usr/lib/x86_64-linux-gnu/ld-2.31.so
7f33a58b9000-7f33a58ba000 rw-p 0002d000 fd:03 262855                     /usr/lib/x86_64-linux-gnu/ld-2.31.so
7f33a58ba000-7f33a58bb000 rw-p 00000000 00:00 0 
7fff0af62000-7fff0af84000 rw-p 00000000 00:00 0                          [stack]
7fff0afc6000-7fff0afc9000 r--p 00000000 00:00 0                          [vvar]
7fff0afc9000-7fff0afca000 r-xp 00000000 00:00 0                          [vdso]
ffffffffff600000-ffffffffff601000 --xp 00000000 00:00 0                  [vsyscall]


VM Arguments:
jvm_args: -javaagent:/usr0/home/aoli/repos/exchain/applications/../dependencies/phosphor/phosphor-jigsaw-javaagent/target/phosphor-jigsaw-javaagent-0.1.0-SNAPSHOT.jar=taintTagFactory=al.aoli.exchain.phosphor.instrumenter.FieldOnlyTaintTagFactory,postClassVisitor=al.aoli.exchain.phosphor.instrumenter.UninstrumentedOriginPostCV -javaagent:/usr0/home/aoli/repos/exchain/applications/../runtime/build/libs/runtime-shadow.jar=hybrid:/usr0/home/aoli/repos/exchain/applications/fineract-1211/hybrid_classes -agentpath:/usr0/home/aoli/repos/exchain/applications/../native/build/lib/main/debug/libnative.so=exchain:Lorg/apache/fineract 
java_command: /usr0/home/aoli/repos/exchain/applications/fineract-1211/hybrid/fineract-provider.jar
java_class_path (initial): /usr0/home/aoli/repos/exchain/applications/fineract-1211/hybrid/fineract-provider.jar
Launcher Type: SUN_STANDARD

[Global flags]
     intx CICompilerCount                          = 12                                        {product} {ergonomic}
     uint ConcGCThreads                            = 4                                         {product} {ergonomic}
     uint G1ConcRefinementThreads                  = 15                                        {product} {ergonomic}
   size_t G1HeapRegionSize                         = 16777216                                  {product} {ergonomic}
    uintx GCDrainStackTargetSize                   = 64                                        {product} {ergonomic}
   size_t InitialHeapSize                          = 2113929216                                {product} {ergonomic}
   size_t MarkStackSize                            = 4194304                                   {product} {ergonomic}
   size_t MaxHeapSize                              = 32178700288                               {product} {ergonomic}
   size_t MaxNewSize                               = 19293798400                               {product} {ergonomic}
   size_t MinHeapDeltaBytes                        = 16777216                                  {product} {ergonomic}
   size_t MinHeapSize                              = 16777216                                  {product} {ergonomic}
    uintx NonNMethodCodeHeapSize                   = 7602480                                {pd product} {ergonomic}
    uintx NonProfiledCodeHeapSize                  = 122027880                              {pd product} {ergonomic}
    uintx ProfiledCodeHeapSize                     = 122027880                              {pd product} {ergonomic}
    uintx ReservedCodeCacheSize                    = 251658240                              {pd product} {ergonomic}
     bool SegmentedCodeCache                       = true                                      {product} {ergonomic}
   size_t SoftMaxHeapSize                          = 32178700288                            {manageable} {ergonomic}
     bool UseCompressedClassPointers               = true                           {product lp64_product} {ergonomic}
     bool UseCompressedOops                        = true                           {product lp64_product} {ergonomic}
     bool UseG1GC                                  = true                                      {product} {ergonomic}

Logging:
Log output configuration:
 #0: stdout all=warning uptime,level,tags
 #1: stderr all=off uptime,level,tags

Environment Variables:
JAVA_HOME=/usr0/home/aoli/.jenv/versions/11
PATH=/usr0/home/aoli/.jenv/shims:/usr0/home/aoli/.jenv/bin:/usr0/home/aoli/.cargo/bin:/usr/cs/bin:/usr/local/sbin:/usr/local/bin:/usr/sbin:/usr/bin:/sbin:/bin:/usr/games:/usr/local/games:/snap/bin:/usr0/home/aoli/.local/bin:/usr0/home/aoli/.local/bin
SHELL=/bin/zsh
LANG=en_US.UTF-8

Signal Handlers:
SIGSEGV: [libjvm.so+0xf30440], sa_mask[0]=11100100010111111101111111111110, sa_flags=SA_RESTART|SA_SIGINFO
SIGBUS: [libjvm.so+0xf30440], sa_mask[0]=11100100010111111101111111111110, sa_flags=SA_RESTART|SA_SIGINFO
SIGFPE: [libjvm.so+0xf30440], sa_mask[0]=11100100010111111101111111111110, sa_flags=SA_RESTART|SA_SIGINFO
SIGPIPE: [libjvm.so+0xdcd8d0], sa_mask[0]=11100100010111111101111111111110, sa_flags=SA_RESTART|SA_SIGINFO
SIGXFSZ: [libjvm.so+0xdcd8d0], sa_mask[0]=11100100010111111101111111111110, sa_flags=SA_RESTART|SA_SIGINFO
SIGILL: [libjvm.so+0xf30440], sa_mask[0]=11100100010111111101111111111110, sa_flags=SA_RESTART|SA_SIGINFO
SIGUSR2: [libjvm.so+0xdccfb0], sa_mask[0]=00000000000000000000000000000000, sa_flags=SA_RESTART|SA_SIGINFO
SIGHUP: [libjvm.so+0xdccef0], sa_mask[0]=11100100010111111101111111111110, sa_flags=SA_RESTART|SA_SIGINFO
SIGINT: SIG_IGN, sa_mask[0]=00000000000000000000000000000000, sa_flags=none
SIGTERM: [libjvm.so+0xdccef0], sa_mask[0]=11100100010111111101111111111110, sa_flags=SA_RESTART|SA_SIGINFO
SIGQUIT: [libjvm.so+0xdccef0], sa_mask[0]=11100100010111111101111111111110, sa_flags=SA_RESTART|SA_SIGINFO
SIGTRAP: [libjvm.so+0xf30440], sa_mask[0]=11100100010111111101111111111110, sa_flags=SA_RESTART|SA_SIGINFO


---------------  S Y S T E M  ---------------

OS:
DISTRIB_ID=Ubuntu
DISTRIB_RELEASE=20.04
DISTRIB_CODENAME=focal
DISTRIB_DESCRIPTION="Ubuntu 20.04.5 LTS"
uname: Linux 5.4.0-125-generic #141-Ubuntu SMP Wed Aug 10 13:42:03 UTC 2022 x86_64
OS uptime: 112 days 5:20 hours
libc: glibc 2.31 NPTL 2.31 
rlimit (soft/hard): STACK 8192k/infinity , CORE 0k/infinity , NPROC 513932/513932 , NOFILE 1048576/1048576 , AS infinity/infinity , CPU infinity/infinity , DATA infinity/infinity , FSIZE infinity/infinity , MEMLOCK 65536k/65536k
load average: 5.49 4.45 3.55

/proc/meminfo:
MemTotal:       131628352 kB
MemFree:        75004144 kB
MemAvailable:   120086456 kB
Buffers:        12051172 kB
Cached:         27850620 kB
SwapCached:        24468 kB
Active:         26761172 kB
Inactive:       22385392 kB
Active(anon):    8820852 kB
Inactive(anon):   427808 kB
Active(file):   17940320 kB
Inactive(file): 21957584 kB
Unevictable:       60744 kB
Mlocked:           60612 kB
SwapTotal:       1998844 kB
SwapFree:        1467820 kB
Dirty:                60 kB
Writeback:             0 kB
AnonPages:       9297984 kB
Mapped:           300080 kB
Shmem:              3992 kB
KReclaimable:    6436444 kB
Slab:            7105012 kB
SReclaimable:    6436444 kB
SUnreclaim:       668568 kB
KernelStack:       20112 kB
PageTables:        36252 kB
NFS_Unstable:          0 kB
Bounce:                0 kB
WritebackTmp:          0 kB
CommitLimit:    67813020 kB
Committed_AS:   12544400 kB
VmallocTotal:   34359738367 kB
VmallocUsed:      106924 kB
VmallocChunk:          0 kB
Percpu:            36960 kB
HardwareCorrupted:     0 kB
AnonHugePages:         0 kB
ShmemHugePages:        0 kB
ShmemPmdMapped:        0 kB
FileHugePages:         0 kB
FilePmdMapped:         0 kB
CmaTotal:              0 kB
CmaFree:               0 kB
HugePages_Total:       0
HugePages_Free:        0
HugePages_Rsvd:        0
HugePages_Surp:        0
Hugepagesize:       2048 kB
Hugetlb:               0 kB
DirectMap4k:    10037788 kB
DirectMap2M:    122839040 kB
DirectMap1G:     1048576 kB

/sys/kernel/mm/transparent_hugepage/enabled: always [madvise] never
/sys/kernel/mm/transparent_hugepage/defrag (defrag/compaction efforts parameter): always defer defer+madvise [madvise] never

Process Memory:
Virtual Size: 37736608K (peak: 37744256K)
Resident Set Size: 502520K (peak: 531436K) (anon: 467860K, file: 34628K, shmem: 32K)
Swapped out: 0K
C-Heap outstanding allocations: 60195K

/proc/sys/kernel/threads-max (system-wide limit on the number of threads): 1027864
/proc/sys/vm/max_map_count (maximum number of memory map areas a process may have): 65530
/proc/sys/kernel/pid_max (system-wide limit on number of process identifiers): 4194304

container (cgroup) information:
container_type: cgroupv1
cpu_cpuset_cpus: 0-19
cpu_memory_nodes: 0
active_processor_count: 20
cpu_quota: no quota
cpu_period: 100000
cpu_shares: no shares
memory_limit_in_bytes: unlimited
memory_and_swap_limit_in_bytes: not supported
memory_soft_limit_in_bytes: unlimited
memory_usage_in_bytes: 11415613440
memory_max_usage_in_bytes: 18660892672

Steal ticks since vm start: 0
Steal ticks percentage since vm start:  0.000

CPU: total 20 (initial active 20) (10 cores per cpu, 2 threads per core) family 6 model 165 stepping 5 microcode 0xf0, cx8, cmov, fxsr, ht, mmx, 3dnowpref, sse, sse2, sse3, ssse3, sse4.1, sse4.2, popcnt, lzcnt, tsc, tscinvbit, avx, avx2, aes, erms, clmul, bmi1, bmi2, adx, fma, vzeroupper, clflush, clflushopt
CPU Model and flags from /proc/cpuinfo:
model name	: Intel(R) Xeon(R) W-1290P CPU @ 3.70GHz
flags		: fpu vme de pse tsc msr pae mce cx8 apic sep mtrr pge mca cmov pat pse36 clflush dts acpi mmx fxsr sse sse2 ss ht tm pbe syscall nx pdpe1gb rdtscp lm constant_tsc art arch_perfmon pebs bts rep_good nopl xtopology nonstop_tsc cpuid aperfmperf pni pclmulqdq dtes64 monitor ds_cpl vmx smx est tm2 ssse3 sdbg fma cx16 xtpr pdcm pcid sse4_1 sse4_2 x2apic movbe popcnt tsc_deadline_timer aes xsave avx f16c rdrand lahf_lm abm 3dnowprefetch cpuid_fault epb invpcid_single ssbd ibrs ibpb stibp ibrs_enhanced tpr_shadow vnmi flexpriority ept vpid ept_ad fsgsbase tsc_adjust bmi1 avx2 smep bmi2 erms invpcid mpx rdseed adx smap clflushopt intel_pt xsaveopt xsavec xgetbv1 xsaves dtherm ida arat pln pts hwp hwp_notify hwp_act_window hwp_epp pku ospke md_clear flush_l1d arch_capabilities

Online cpus: 0-19
Offline cpus: 
BIOS frequency limitation: <Not Available>
Frequency switch latency (ns): 0
Available cpu frequencies: <Not Available>
Current governor: powersave
Core performance/turbo boost: <Not Available>

Memory: 4k page, physical 131628352k(75004144k free), swap 1998844k(1467820k free)

vm_info: OpenJDK 64-Bit Server VM (16.0.1+9-Ubuntu-120.04) for linux-amd64 JRE (16.0.1+9-Ubuntu-120.04), built on Apr 21 2021 06:06:00 by "unknown" with gcc 9.3.0

END.
